{"timestamp":"2026-01-27T15:30:22.185834Z","level":"info","event":"DAG bundles loaded: dags-folder","logger":"airflow.dag_processing.bundles.manager.DagBundlesManager","filename":"manager.py","lineno":179}
{"timestamp":"2026-01-27T15:30:22.189681Z","level":"info","event":"Filling up the DagBag from /opt/airflow/dags/xml_etl.py","logger":"airflow.models.dagbag.DagBag","filename":"dagbag.py","lineno":593}
{"timestamp":"2026-01-27T15:30:22.923396Z","level":"info","event":"Fetching XML from: https://gist.githubusercontent.com/pamelafox/3000322/raw/6cc03bccf04ede0e16564926956675794efe5191/nutrition.xml","logger":"task.stdout"}
{"timestamp":"2026-01-27T15:30:23.708414Z","level":"info","event":"EXTRACTED: 4376 bytes","logger":"task.stdout"}
{"timestamp":"2026-01-27T15:30:25.488658Z","level":"info","event":"Done. Returned value was: PARSED: 10 food records","logger":"airflow.task.operators.airflow.providers.standard.operators.python.PythonOperator","filename":"python.py","lineno":216}
{"timestamp":"2026-01-27T15:30:25.489393Z","level":"info","event":"Pushing xcom","ti":"RuntimeTaskInstance(id=UUID('019c0013-c29c-7ea0-b9d2-99a34661f219'), task_id='extract_and_parse_xml', dag_id='xml_etl', run_id='scheduled__2026-01-27T00:00:00+00:00', try_number=1, dag_version_id=UUID('019c0013-beb5-752f-8ea1-14b195f05d46'), map_index=-1, hostname='b178a2c24a52', context_carrier={}, task=<Task(PythonOperator): extract_and_parse_xml>, bundle_instance=LocalDagBundle(name=dags-folder), max_tries=1, start_date=datetime.datetime(2026, 1, 27, 15, 30, 21, 814239, tzinfo=datetime.timezone.utc), end_date=None, state=<TaskInstanceState.RUNNING: 'running'>, is_mapped=False, rendered_map_index=None)","logger":"task","filename":"task_runner.py","lineno":1450}
{"timestamp":"2026-01-27T15:38:52.669063Z","level":"info","event":"DAG bundles loaded: dags-folder","logger":"airflow.dag_processing.bundles.manager.DagBundlesManager","filename":"manager.py","lineno":179}
{"timestamp":"2026-01-27T15:38:52.670637Z","level":"info","event":"Filling up the DagBag from /opt/airflow/dags/xml_etl.py","logger":"airflow.models.dagbag.DagBag","filename":"dagbag.py","lineno":593}
{"timestamp":"2026-01-27T15:38:52.723730Z","level":"info","event":"Fetching XML from: https://gist.githubusercontent.com/pamelafox/3000322/raw/6cc03bccf04ede0e16564926956675794efe5191/nutrition.xml","logger":"task.stdout"}
{"timestamp":"2026-01-27T15:38:53.197363Z","level":"info","event":"EXTRACTED: 4376 bytes","logger":"task.stdout"}
{"timestamp":"2026-01-27T15:38:53.233809Z","level":"info","event":"Done. Returned value was: PARSED: 10 food records","logger":"airflow.task.operators.airflow.providers.standard.operators.python.PythonOperator","filename":"python.py","lineno":216}
{"timestamp":"2026-01-27T15:38:53.234284Z","level":"info","event":"Pushing xcom","ti":"RuntimeTaskInstance(id=UUID('019c001b-8fc8-7f1f-aaea-db42699d68e7'), task_id='extract_and_parse_xml', dag_id='xml_etl', run_id='scheduled__2026-01-27T00:00:00+00:00', try_number=1, dag_version_id=UUID('019c0017-9827-73ce-9320-9205162934a3'), map_index=-1, hostname='b178a2c24a52', context_carrier={}, task=<Task(PythonOperator): extract_and_parse_xml>, bundle_instance=LocalDagBundle(name=dags-folder), max_tries=1, start_date=datetime.datetime(2026, 1, 27, 15, 38, 52, 592883, tzinfo=datetime.timezone.utc), end_date=None, state=<TaskInstanceState.RUNNING: 'running'>, is_mapped=False, rendered_map_index=None)","logger":"task","filename":"task_runner.py","lineno":1450}
{"timestamp":"2026-01-27T16:00:40.750651Z","level":"info","event":"DAG bundles loaded: dags-folder","logger":"airflow.dag_processing.bundles.manager.DagBundlesManager","filename":"manager.py","lineno":179}
{"timestamp":"2026-01-27T16:00:40.754642Z","level":"info","event":"Filling up the DagBag from /opt/airflow/dags/xml_etl.py","logger":"airflow.models.dagbag.DagBag","filename":"dagbag.py","lineno":593}
{"timestamp":"2026-01-27T16:00:40.845041Z","level":"info","event":"Fetching XML from: https://gist.githubusercontent.com/pamelafox/3000322/raw/6cc03bccf04ede0e16564926956675794efe5191/nutrition.xml","logger":"task.stdout"}
{"timestamp":"2026-01-27T16:00:41.266944Z","level":"info","event":"EXTRACTED: 4376 bytes","logger":"task.stdout"}
{"timestamp":"2026-01-27T16:00:41.293014Z","level":"info","event":"Done. Returned value was: PARSED: 10 food records","logger":"airflow.task.operators.airflow.providers.standard.operators.python.PythonOperator","filename":"python.py","lineno":216}
{"timestamp":"2026-01-27T16:00:41.293368Z","level":"info","event":"Pushing xcom","ti":"RuntimeTaskInstance(id=UUID('019c002f-84ab-7719-88d7-92c660f24fc4'), task_id='extract_and_parse_xml', dag_id='xml_etl', run_id='scheduled__2026-01-27T00:00:00+00:00', try_number=1, dag_version_id=UUID('019c002c-a7e0-7d30-baaf-6bf2cea87864'), map_index=-1, hostname='083b79522ddb', context_carrier={}, task=<Task(PythonOperator): extract_and_parse_xml>, bundle_instance=LocalDagBundle(name=dags-folder), max_tries=1, start_date=datetime.datetime(2026, 1, 27, 16, 0, 40, 622052, tzinfo=datetime.timezone.utc), end_date=None, state=<TaskInstanceState.RUNNING: 'running'>, is_mapped=False, rendered_map_index=None)","logger":"task","filename":"task_runner.py","lineno":1450}
{"timestamp":"2026-01-27T16:02:01.077986Z","level":"info","event":"DAG bundles loaded: dags-folder","logger":"airflow.dag_processing.bundles.manager.DagBundlesManager","filename":"manager.py","lineno":179}
{"timestamp":"2026-01-27T16:02:01.093751Z","level":"info","event":"Filling up the DagBag from /opt/airflow/dags/xml_etl.py","logger":"airflow.models.dagbag.DagBag","filename":"dagbag.py","lineno":593}
{"timestamp":"2026-01-27T16:02:01.725398Z","level":"info","event":"Fetching XML from: https://gist.githubusercontent.com/pamelafox/3000322/raw/6cc03bccf04ede0e16564926956675794efe5191/nutrition.xml","logger":"task.stdout"}
{"timestamp":"2026-01-27T16:02:02.348066Z","level":"info","event":"EXTRACTED: 4376 bytes","logger":"task.stdout"}
{"timestamp":"2026-01-27T16:02:03.381417Z","level":"info","event":"Done. Returned value was: PARSED: 10 food records","logger":"airflow.task.operators.airflow.providers.standard.operators.python.PythonOperator","filename":"python.py","lineno":216}
{"timestamp":"2026-01-27T16:02:03.381873Z","level":"info","event":"Pushing xcom","ti":"RuntimeTaskInstance(id=UUID('019c0030-bbbf-707f-9756-771652b74522'), task_id='extract_and_parse_xml', dag_id='xml_etl', run_id='scheduled__2026-01-27T00:00:00+00:00', try_number=1, dag_version_id=UUID('019c0030-8e46-7d77-9248-068ca010bcf9'), map_index=-1, hostname='083b79522ddb', context_carrier={}, task=<Task(PythonOperator): extract_and_parse_xml>, bundle_instance=LocalDagBundle(name=dags-folder), max_tries=1, start_date=datetime.datetime(2026, 1, 27, 16, 2, 0, 542916, tzinfo=datetime.timezone.utc), end_date=None, state=<TaskInstanceState.RUNNING: 'running'>, is_mapped=False, rendered_map_index=None)","logger":"task","filename":"task_runner.py","lineno":1450}
