{"timestamp":"2026-01-25T10:24:48.924137Z","level":"info","event":"DAG bundles loaded: dags-folder, example_dags","logger":"airflow.dag_processing.bundles.manager.DagBundlesManager","filename":"manager.py","lineno":179}
{"timestamp":"2026-01-25T10:24:48.926122Z","level":"info","event":"Filling up the DagBag from /opt/airflow/dags/json_processor.py","logger":"airflow.models.dagbag.DagBag","filename":"dagbag.py","lineno":593}
{"timestamp":"2026-01-25T10:24:48.977194Z","level":"warning","event":"The `airflow.operators.python.PythonOperator` attribute is deprecated. Please use `'airflow.providers.standard.operators.python.PythonOperator'`.","category":"DeprecatedImportWarning","filename":"/opt/airflow/dags/json_processor.py","lineno":3,"logger":"py.warnings"}
{"timestamp":"2026-01-25T10:24:48.977413Z","level":"warning","event":"The `airflow.hooks.base.BaseHook` attribute is deprecated. Please use `'airflow.sdk.bases.hook.BaseHook'`.","category":"DeprecatedImportWarning","filename":"/opt/airflow/dags/json_processor.py","lineno":5,"logger":"py.warnings"}
{"timestamp":"2026-01-25T10:24:49.034125Z","level":"info","event":"Task instance is in running state","logger":"task.stdout"}
{"timestamp":"2026-01-25T10:24:49.036604Z","level":"info","event":" Previous state of the Task instance: TaskInstanceState.QUEUED","logger":"task.stdout"}
{"timestamp":"2026-01-25T10:24:49.037109Z","level":"info","event":"Current task name:save_to_postgres","logger":"task.stdout"}
{"timestamp":"2026-01-25T10:24:49.037549Z","level":"info","event":"Dag name:load_pets_json_fixed","logger":"task.stdout"}
{"timestamp":"2026-01-25T10:24:49.042156Z","level":"info","event":"🔍 Начало выполнения DAG","logger":"task.stdout"}
{"timestamp":"2026-01-25T10:24:49.073813Z","level":"info","event":"Подключение: host=postgres, db=airflow, user=airflow","logger":"task.stdout"}
{"timestamp":"2026-01-25T10:24:49.088830Z","level":"info","event":"✅ Подключение к PostgreSQL установлено","logger":"task.stdout"}
{"timestamp":"2026-01-25T10:24:49.090808Z","level":"info","event":"📊 Текущая база данных: airflow","logger":"task.stdout"}
{"timestamp":"2026-01-25T10:24:49.091809Z","level":"info","event":"📥 Загружаю JSON...","logger":"task.stdout"}
{"timestamp":"2026-01-25T10:24:49.621006Z","level":"info","event":"Найдено питомцев: 3","logger":"task.stdout"}
{"timestamp":"2026-01-25T10:24:49.642028Z","level":"info","event":"🗄️ Создаю таблицу 'pets'...","logger":"task.stdout"}
{"timestamp":"2026-01-25T10:24:49.710932Z","level":"info","event":"✅ Таблица создана/проверена","logger":"task.stdout"}
{"timestamp":"2026-01-25T10:24:49.712441Z","level":"info","event":"💾 Вставляю данные...","logger":"task.stdout"}
{"timestamp":"2026-01-25T10:24:49.719406Z","level":"info","event":"✅ Вставлено 3 записей","logger":"task.stdout"}
{"timestamp":"2026-01-25T10:24:49.729309Z","level":"info","event":"📊 Всего записей в таблице 'pets': 3","logger":"task.stdout"}
{"timestamp":"2026-01-25T10:24:49.733121Z","level":"info","event":"🎯 Пример данных:","logger":"task.stdout"}
{"timestamp":"2026-01-25T10:24:49.733740Z","level":"info","event":"  (1, 'Purrsloud', 'Cat', 'wet food, dry food, <strong>any</strong> food', 2016, 'https://learnwebcode.github.io/json-example/images/cat-2.jpg', datetime.datetime(2026, 1, 25, 10, 24, 49, 712909))","logger":"task.stdout"}
{"timestamp":"2026-01-25T10:24:49.735529Z","level":"info","event":"  (2, 'Barksalot', 'Dog', 'nan', 2008, 'https://learnwebcode.github.io/json-example/images/dog-1.jpg', datetime.datetime(2026, 1, 25, 10, 24, 49, 712909))","logger":"task.stdout"}
{"timestamp":"2026-01-25T10:24:49.736438Z","level":"info","event":"  (3, 'Meowsalot', 'Cat', 'tuna, catnip, celery', 2012, 'https://learnwebcode.github.io/json-example/images/cat-1.jpg', datetime.datetime(2026, 1, 25, 10, 24, 49, 712909))","logger":"task.stdout"}
{"timestamp":"2026-01-25T10:24:49.737005Z","level":"info","event":"🎉 DAG выполнен успешно!","logger":"task.stdout"}
{"timestamp":"2026-01-25T10:24:49.722591Z","level":"info","event":"Done. Returned value was: True","logger":"airflow.task.operators.airflow.providers.standard.operators.python.PythonOperator","filename":"python.py","lineno":216}
{"timestamp":"2026-01-25T10:24:49.723021Z","level":"info","event":"Pushing xcom","ti":"RuntimeTaskInstance(id=UUID('019bf4af-3086-7f51-938a-7c2990f781a1'), task_id='save_to_postgres', dag_id='load_pets_json_fixed', run_id='scheduled__2026-01-25T00:00:00+00:00', try_number=1, dag_version_id=UUID('019bf4a9-fb75-7e9e-be28-0a4d4a6d1831'), map_index=-1, hostname='89ed637f96cb', context_carrier={}, task=<Task(PythonOperator): save_to_postgres>, bundle_instance=LocalDagBundle(name=dags-folder), max_tries=0, start_date=datetime.datetime(2026, 1, 25, 10, 24, 42, 383374, tzinfo=datetime.timezone.utc), end_date=None, state=<TaskInstanceState.RUNNING: 'running'>, is_mapped=False, rendered_map_index=None)","logger":"task","filename":"task_runner.py","lineno":1450}
{"timestamp":"2026-01-25T10:24:49.936575Z","level":"info","event":"Task instance in success state","logger":"task.stdout"}
{"timestamp":"2026-01-25T10:24:49.937034Z","level":"info","event":" Previous state of the Task instance: TaskInstanceState.RUNNING","logger":"task.stdout"}
{"timestamp":"2026-01-25T10:24:49.939860Z","level":"info","event":"Task operator:<Task(PythonOperator): save_to_postgres>","logger":"task.stdout"}
