{"timestamp":"2026-01-25T11:14:01.180112Z","level":"info","event":"DAG bundles loaded: dags-folder, example_dags","logger":"airflow.dag_processing.bundles.manager.DagBundlesManager","filename":"manager.py","lineno":179}
{"timestamp":"2026-01-25T11:14:01.184726Z","level":"info","event":"Filling up the DagBag from /opt/airflow/dags/json_processor.py","logger":"airflow.models.dagbag.DagBag","filename":"dagbag.py","lineno":593}
{"timestamp":"2026-01-25T11:14:01.352697Z","level":"warning","event":"The `airflow.operators.python.PythonOperator` attribute is deprecated. Please use `'airflow.providers.standard.operators.python.PythonOperator'`.","category":"DeprecatedImportWarning","filename":"/opt/airflow/dags/json_processor.py","lineno":3,"logger":"py.warnings"}
{"timestamp":"2026-01-25T11:14:01.447866Z","level":"info","event":"Task instance is in running state","logger":"task.stdout"}
{"timestamp":"2026-01-25T11:14:01.448286Z","level":"info","event":" Previous state of the Task instance: TaskInstanceState.QUEUED","logger":"task.stdout"}
{"timestamp":"2026-01-25T11:14:01.448636Z","level":"info","event":"Current task name:save_to_postgres","logger":"task.stdout"}
{"timestamp":"2026-01-25T11:14:01.448929Z","level":"info","event":"Dag name:load_json","logger":"task.stdout"}
{"timestamp":"2026-01-25T11:14:02.070098Z","level":"info","event":"ERROR: 'favFoods'","logger":"task.stdout"}
{"timestamp":"2026-01-25T11:14:02.094847Z","level":"error","event":"Traceback (most recent call last):","logger":"task.stderr"}
{"timestamp":"2026-01-25T11:14:02.095387Z","level":"error","event":"  File \"/opt/airflow/dags/json_processor.py\", line 16, in load_json_to_postgres","logger":"task.stderr"}
{"timestamp":"2026-01-25T11:14:02.097097Z","level":"error","event":"    df['favFoods'] = df['favFoods'].apply(","logger":"task.stderr"}
{"timestamp":"2026-01-25T11:14:02.098724Z","level":"error","event":"                     ~~^^^^^^^^^^^^","logger":"task.stderr"}
{"timestamp":"2026-01-25T11:14:02.099161Z","level":"error","event":"  File \"/home/airflow/.local/lib/python3.12/site-packages/pandas/core/frame.py\", line 3893, in __getitem__","logger":"task.stderr"}
{"timestamp":"2026-01-25T11:14:02.099605Z","level":"error","event":"    indexer = self.columns.get_loc(key)","logger":"task.stderr"}
{"timestamp":"2026-01-25T11:14:02.100065Z","level":"error","event":"              ^^^^^^^^^^^^^^^^^^^^^^^^^","logger":"task.stderr"}
{"timestamp":"2026-01-25T11:14:02.100435Z","level":"error","event":"  File \"/home/airflow/.local/lib/python3.12/site-packages/pandas/core/indexes/range.py\", line 418, in get_loc","logger":"task.stderr"}
{"timestamp":"2026-01-25T11:14:02.100919Z","level":"error","event":"    raise KeyError(key)","logger":"task.stderr"}
{"timestamp":"2026-01-25T11:14:02.101286Z","level":"error","event":"KeyError: 'favFoods'","logger":"task.stderr"}
{"timestamp":"2026-01-25T11:14:02.095949Z","level":"info","event":"Done. Returned value was: False","logger":"airflow.task.operators.airflow.providers.standard.operators.python.PythonOperator","filename":"python.py","lineno":216}
{"timestamp":"2026-01-25T11:14:02.099142Z","level":"info","event":"Pushing xcom","ti":"RuntimeTaskInstance(id=UUID('019bf4dc-49cd-76fe-b9bc-8d93bc232c3b'), task_id='save_to_postgres', dag_id='load_json', run_id='manual__2026-01-25T11:13:51+00:00', try_number=1, dag_version_id=UUID('019bf4d9-ef27-7bfe-b9b2-1846e2c42ff1'), map_index=-1, hostname='89ed637f96cb', context_carrier={}, task=<Task(PythonOperator): save_to_postgres>, bundle_instance=LocalDagBundle(name=dags-folder), max_tries=0, start_date=datetime.datetime(2026, 1, 25, 11, 13, 59, 118902, tzinfo=datetime.timezone.utc), end_date=None, state=<TaskInstanceState.RUNNING: 'running'>, is_mapped=False, rendered_map_index=None)","logger":"task","filename":"task_runner.py","lineno":1450}
{"timestamp":"2026-01-25T11:14:02.162956Z","level":"info","event":"Task instance in success state","logger":"task.stdout"}
{"timestamp":"2026-01-25T11:14:02.167076Z","level":"info","event":" Previous state of the Task instance: TaskInstanceState.RUNNING","logger":"task.stdout"}
{"timestamp":"2026-01-25T11:14:02.167532Z","level":"info","event":"Task operator:<Task(PythonOperator): save_to_postgres>","logger":"task.stdout"}
