{"timestamp":"2026-02-10T18:42:19.710816Z","level":"info","event":"DAG bundles loaded: dags-folder","logger":"airflow.dag_processing.bundles.manager.DagBundlesManager","filename":"manager.py","lineno":179}
{"timestamp":"2026-02-10T18:42:19.714553Z","level":"info","event":"Filling up the DagBag from /opt/airflow/dags/one_time_load.py","logger":"airflow.models.dagbag.DagBag","filename":"dagbag.py","lineno":593}
{"timestamp":"2026-02-10T18:42:20.087006Z","level":"error","event":"/home/airflow/.local/lib/python3.12/site-packages/pyspark/bin/load-spark-env.sh: line 68: ps: command not found","logger":"task.stderr"}
{"timestamp":"2026-02-10T18:42:25.240132Z","level":"error","event":"Setting default log level to \"WARN\".","logger":"task.stderr"}
{"timestamp":"2026-02-10T18:42:25.241036Z","level":"error","event":"To adjust logging level use sc.setLogLevel(newLevel). For SparkR, use setLogLevel(newLevel).","logger":"task.stderr"}
{"timestamp":"2026-02-10T18:42:25.814471Z","level":"error","event":"26/02/10 18:42:25 WARN NativeCodeLoader: Unable to load native-hadoop library for your platform... using builtin-java classes where applicable","logger":"task.stderr"}
{"timestamp":"2026-02-10T18:42:53.837192Z","level":"error","event":"\r[Stage 0:>                                                          (0 + 1) / 1]\r\r[Stage 0:===========================================================(1 + 0) / 1]\r\r                                                                                \r\r[Stage 1:>                                                          (0 + 0) / 1]\r\r[Stage 1:>                                                          (0 + 1) / 1]\r\r                                                                                \r\r[Stage 2:>                                                          (0 + 1) / 1]\r\r                                                                                \r26/02/10 18:42:53 ERROR FileFormatWriter: Aborting job cb03056e-16e9-4596-b651-c65c795cb8e7.","logger":"task.stderr"}
{"timestamp":"2026-02-10T18:42:53.837563Z","level":"error","event":"java.io.FileNotFoundException: File file:/opt/airflow/data/one-time_load_output.parquet/_temporary/0/task_202602101842461411115013222002708_0002_m_000000/part-00000-6ce29de9-bbba-4464-b05d-4718ace44ccb-c000.snappy.parquet does not exist","logger":"task.stderr"}
{"timestamp":"2026-02-10T18:42:53.837826Z","level":"error","event":"\tat org.apache.hadoop.fs.RawLocalFileSystem.deprecatedGetFileStatus(RawLocalFileSystem.java:779)","logger":"task.stderr"}
{"timestamp":"2026-02-10T18:42:53.838059Z","level":"error","event":"\tat org.apache.hadoop.fs.RawLocalFileSystem.getFileLinkStatusInternal(RawLocalFileSystem.java:1100)","logger":"task.stderr"}
{"timestamp":"2026-02-10T18:42:53.838284Z","level":"error","event":"\tat org.apache.hadoop.fs.RawLocalFileSystem.getFileStatus(RawLocalFileSystem.java:769)","logger":"task.stderr"}
{"timestamp":"2026-02-10T18:42:53.838505Z","level":"error","event":"\tat org.apache.hadoop.fs.FileUtil.copy(FileUtil.java:390)","logger":"task.stderr"}
{"timestamp":"2026-02-10T18:42:53.838746Z","level":"error","event":"\tat org.apache.hadoop.fs.FileUtil.copy(FileUtil.java:341)","logger":"task.stderr"}
{"timestamp":"2026-02-10T18:42:53.839052Z","level":"error","event":"\tat org.apache.hadoop.fs.RawLocalFileSystem.rename(RawLocalFileSystem.java:505)","logger":"task.stderr"}
{"timestamp":"2026-02-10T18:42:53.839361Z","level":"error","event":"\tat org.apache.hadoop.fs.ChecksumFileSystem.rename(ChecksumFileSystem.java:700)","logger":"task.stderr"}
{"timestamp":"2026-02-10T18:42:53.839620Z","level":"error","event":"\tat org.apache.hadoop.hive.ql.io.ProxyLocalFileSystem.rename(ProxyLocalFileSystem.java:34)","logger":"task.stderr"}
{"timestamp":"2026-02-10T18:42:53.839852Z","level":"error","event":"\tat org.apache.hadoop.mapreduce.lib.output.FileOutputCommitter.mergePaths(FileOutputCommitter.java:476)","logger":"task.stderr"}
{"timestamp":"2026-02-10T18:42:53.840085Z","level":"error","event":"\tat org.apache.hadoop.mapreduce.lib.output.FileOutputCommitter.mergePaths(FileOutputCommitter.java:490)","logger":"task.stderr"}
{"timestamp":"2026-02-10T18:42:53.840372Z","level":"error","event":"\tat org.apache.hadoop.mapreduce.lib.output.FileOutputCommitter.commitJobInternal(FileOutputCommitter.java:405)","logger":"task.stderr"}
{"timestamp":"2026-02-10T18:42:53.840600Z","level":"error","event":"\tat org.apache.hadoop.mapreduce.lib.output.FileOutputCommitter.commitJob(FileOutputCommitter.java:377)","logger":"task.stderr"}
{"timestamp":"2026-02-10T18:42:53.840821Z","level":"error","event":"\tat org.apache.parquet.hadoop.ParquetOutputCommitter.commitJob(ParquetOutputCommitter.java:48)","logger":"task.stderr"}
{"timestamp":"2026-02-10T18:42:53.841054Z","level":"error","event":"\tat org.apache.spark.internal.io.HadoopMapReduceCommitProtocol.commitJob(HadoopMapReduceCommitProtocol.scala:192)","logger":"task.stderr"}
{"timestamp":"2026-02-10T18:42:53.841275Z","level":"error","event":"\tat org.apache.spark.sql.execution.datasources.FileFormatWriter$.$anonfun$writeAndCommit$3(FileFormatWriter.scala:275)","logger":"task.stderr"}
{"timestamp":"2026-02-10T18:42:53.841513Z","level":"error","event":"\tat scala.runtime.java8.JFunction0$mcV$sp.apply(JFunction0$mcV$sp.java:23)","logger":"task.stderr"}
{"timestamp":"2026-02-10T18:42:53.841751Z","level":"error","event":"\tat org.apache.spark.util.Utils$.timeTakenMs(Utils.scala:552)","logger":"task.stderr"}
{"timestamp":"2026-02-10T18:42:53.841969Z","level":"error","event":"\tat org.apache.spark.sql.execution.datasources.FileFormatWriter$.writeAndCommit(FileFormatWriter.scala:275)","logger":"task.stderr"}
{"timestamp":"2026-02-10T18:42:53.842186Z","level":"error","event":"\tat org.apache.spark.sql.execution.datasources.FileFormatWriter$.executeWrite(FileFormatWriter.scala:304)","logger":"task.stderr"}
{"timestamp":"2026-02-10T18:42:53.842419Z","level":"error","event":"\tat org.apache.spark.sql.execution.datasources.FileFormatWriter$.write(FileFormatWriter.scala:190)","logger":"task.stderr"}
{"timestamp":"2026-02-10T18:42:53.843735Z","level":"error","event":"\tat org.apache.spark.sql.execution.datasources.InsertIntoHadoopFsRelationCommand.run(InsertIntoHadoopFsRelationCommand.scala:190)","logger":"task.stderr"}
{"timestamp":"2026-02-10T18:42:53.844146Z","level":"error","event":"\tat org.apache.spark.sql.execution.command.DataWritingCommandExec.sideEffectResult$lzycompute(commands.scala:113)","logger":"task.stderr"}
{"timestamp":"2026-02-10T18:42:53.845406Z","level":"error","event":"\tat org.apache.spark.sql.execution.command.DataWritingCommandExec.sideEffectResult(commands.scala:111)","logger":"task.stderr"}
{"timestamp":"2026-02-10T18:42:53.845956Z","level":"error","event":"\tat org.apache.spark.sql.execution.command.DataWritingCommandExec.executeCollect(commands.scala:125)","logger":"task.stderr"}
{"timestamp":"2026-02-10T18:42:53.846342Z","level":"error","event":"\tat org.apache.spark.sql.execution.QueryExecution$$anonfun$eagerlyExecuteCommands$1.$anonfun$applyOrElse$1(QueryExecution.scala:107)","logger":"task.stderr"}
{"timestamp":"2026-02-10T18:42:53.847399Z","level":"error","event":"\tat org.apache.spark.sql.execution.SQLExecution$.$anonfun$withNewExecutionId$6(SQLExecution.scala:125)","logger":"task.stderr"}
{"timestamp":"2026-02-10T18:42:53.847755Z","level":"error","event":"\tat org.apache.spark.sql.execution.SQLExecution$.withSQLConfPropagated(SQLExecution.scala:201)","logger":"task.stderr"}
{"timestamp":"2026-02-10T18:42:53.848200Z","level":"error","event":"\tat org.apache.spark.sql.execution.SQLExecution$.$anonfun$withNewExecutionId$1(SQLExecution.scala:108)","logger":"task.stderr"}
{"timestamp":"2026-02-10T18:42:53.848546Z","level":"error","event":"\tat org.apache.spark.sql.SparkSession.withActive(SparkSession.scala:900)","logger":"task.stderr"}
{"timestamp":"2026-02-10T18:42:53.848871Z","level":"error","event":"\tat org.apache.spark.sql.execution.SQLExecution$.withNewExecutionId(SQLExecution.scala:66)","logger":"task.stderr"}
{"timestamp":"2026-02-10T18:42:53.849230Z","level":"error","event":"\tat org.apache.spark.sql.execution.QueryExecution$$anonfun$eagerlyExecuteCommands$1.applyOrElse(QueryExecution.scala:107)","logger":"task.stderr"}
{"timestamp":"2026-02-10T18:42:53.849582Z","level":"error","event":"\tat org.apache.spark.sql.execution.QueryExecution$$anonfun$eagerlyExecuteCommands$1.applyOrElse(QueryExecution.scala:98)","logger":"task.stderr"}
{"timestamp":"2026-02-10T18:42:53.849993Z","level":"error","event":"\tat org.apache.spark.sql.catalyst.trees.TreeNode.$anonfun$transformDownWithPruning$1(TreeNode.scala:461)","logger":"task.stderr"}
{"timestamp":"2026-02-10T18:42:53.850401Z","level":"error","event":"\tat org.apache.spark.sql.catalyst.trees.CurrentOrigin$.withOrigin(origin.scala:76)","logger":"task.stderr"}
{"timestamp":"2026-02-10T18:42:53.851059Z","level":"error","event":"\tat org.apache.spark.sql.catalyst.trees.TreeNode.transformDownWithPruning(TreeNode.scala:461)","logger":"task.stderr"}
{"timestamp":"2026-02-10T18:42:53.851984Z","level":"error","event":"\tat org.apache.spark.sql.catalyst.plans.logical.LogicalPlan.org$apache$spark$sql$catalyst$plans$logical$AnalysisHelper$$super$transformDownWithPruning(LogicalPlan.scala:32)","logger":"task.stderr"}
{"timestamp":"2026-02-10T18:42:53.852334Z","level":"error","event":"\tat org.apache.spark.sql.catalyst.plans.logical.AnalysisHelper.transformDownWithPruning(AnalysisHelper.scala:267)","logger":"task.stderr"}
{"timestamp":"2026-02-10T18:42:53.852713Z","level":"error","event":"\tat org.apache.spark.sql.catalyst.plans.logical.AnalysisHelper.transformDownWithPruning$(AnalysisHelper.scala:263)","logger":"task.stderr"}
{"timestamp":"2026-02-10T18:42:53.853015Z","level":"error","event":"\tat org.apache.spark.sql.catalyst.plans.logical.LogicalPlan.transformDownWithPruning(LogicalPlan.scala:32)","logger":"task.stderr"}
{"timestamp":"2026-02-10T18:42:53.853389Z","level":"error","event":"\tat org.apache.spark.sql.catalyst.plans.logical.LogicalPlan.transformDownWithPruning(LogicalPlan.scala:32)","logger":"task.stderr"}
{"timestamp":"2026-02-10T18:42:53.853710Z","level":"error","event":"\tat org.apache.spark.sql.catalyst.trees.TreeNode.transformDown(TreeNode.scala:437)","logger":"task.stderr"}
{"timestamp":"2026-02-10T18:42:53.854884Z","level":"error","event":"\tat org.apache.spark.sql.execution.QueryExecution.eagerlyExecuteCommands(QueryExecution.scala:98)","logger":"task.stderr"}
{"timestamp":"2026-02-10T18:42:53.855332Z","level":"error","event":"\tat org.apache.spark.sql.execution.QueryExecution.commandExecuted$lzycompute(QueryExecution.scala:85)","logger":"task.stderr"}
{"timestamp":"2026-02-10T18:42:53.855635Z","level":"error","event":"\tat org.apache.spark.sql.execution.QueryExecution.commandExecuted(QueryExecution.scala:83)","logger":"task.stderr"}
{"timestamp":"2026-02-10T18:42:53.856603Z","level":"error","event":"\tat org.apache.spark.sql.execution.QueryExecution.assertCommandExecuted(QueryExecution.scala:142)","logger":"task.stderr"}
{"timestamp":"2026-02-10T18:42:53.857601Z","level":"error","event":"\tat org.apache.spark.sql.DataFrameWriter.runCommand(DataFrameWriter.scala:859)","logger":"task.stderr"}
{"timestamp":"2026-02-10T18:42:53.858841Z","level":"error","event":"\tat org.apache.spark.sql.DataFrameWriter.saveToV1Source(DataFrameWriter.scala:388)","logger":"task.stderr"}
{"timestamp":"2026-02-10T18:42:53.862824Z","level":"error","event":"\tat org.apache.spark.sql.DataFrameWriter.saveInternal(DataFrameWriter.scala:361)","logger":"task.stderr"}
{"timestamp":"2026-02-10T18:42:53.863314Z","level":"error","event":"\tat org.apache.spark.sql.DataFrameWriter.save(DataFrameWriter.scala:240)","logger":"task.stderr"}
{"timestamp":"2026-02-10T18:42:53.863924Z","level":"error","event":"\tat org.apache.spark.sql.DataFrameWriter.parquet(DataFrameWriter.scala:792)","logger":"task.stderr"}
{"timestamp":"2026-02-10T18:42:53.864349Z","level":"error","event":"\tat java.base/jdk.internal.reflect.NativeMethodAccessorImpl.invoke0(Native Method)","logger":"task.stderr"}
{"timestamp":"2026-02-10T18:42:53.864735Z","level":"error","event":"\tat java.base/jdk.internal.reflect.NativeMethodAccessorImpl.invoke(NativeMethodAccessorImpl.java:77)","logger":"task.stderr"}
{"timestamp":"2026-02-10T18:42:53.865064Z","level":"error","event":"\tat java.base/jdk.internal.reflect.DelegatingMethodAccessorImpl.invoke(DelegatingMethodAccessorImpl.java:43)","logger":"task.stderr"}
{"timestamp":"2026-02-10T18:42:53.865413Z","level":"error","event":"\tat java.base/java.lang.reflect.Method.invoke(Method.java:569)","logger":"task.stderr"}
{"timestamp":"2026-02-10T18:42:53.865817Z","level":"error","event":"\tat py4j.reflection.MethodInvoker.invoke(MethodInvoker.java:244)","logger":"task.stderr"}
{"timestamp":"2026-02-10T18:42:53.866182Z","level":"error","event":"\tat py4j.reflection.ReflectionEngine.invoke(ReflectionEngine.java:374)","logger":"task.stderr"}
{"timestamp":"2026-02-10T18:42:53.866559Z","level":"error","event":"\tat py4j.Gateway.invoke(Gateway.java:282)","logger":"task.stderr"}
{"timestamp":"2026-02-10T18:42:53.871339Z","level":"error","event":"\tat py4j.commands.AbstractCommand.invokeMethod(AbstractCommand.java:132)","logger":"task.stderr"}
{"timestamp":"2026-02-10T18:42:53.871737Z","level":"error","event":"\tat py4j.commands.CallCommand.execute(CallCommand.java:79)","logger":"task.stderr"}
{"timestamp":"2026-02-10T18:42:53.872044Z","level":"error","event":"\tat py4j.ClientServerConnection.waitForCommands(ClientServerConnection.java:182)","logger":"task.stderr"}
{"timestamp":"2026-02-10T18:42:53.872367Z","level":"error","event":"\tat py4j.ClientServerConnection.run(ClientServerConnection.java:106)","logger":"task.stderr"}
{"timestamp":"2026-02-10T18:42:53.872735Z","level":"error","event":"\tat java.base/java.lang.Thread.run(Thread.java:840)","logger":"task.stderr"}
{"timestamp":"2026-02-10T18:42:54.064399Z","level":"error","event":"Task failed with exception","logger":"task","filename":"task_runner.py","lineno":1078,"error_detail":[{"exc_type":"Py4JJavaError","exc_value":"An error occurred while calling o32.parquet.\n: java.io.FileNotFoundException: File file:/opt/airflow/data/one-time_load_output.parquet/_temporary/0/task_202602101842461411115013222002708_0002_m_000000/part-00000-6ce29de9-bbba-4464-b05d-4718ace44ccb-c000.snappy.parquet does not exist\n\tat org.apache.hadoop.fs.RawLocalFileSystem.deprecatedGetFileStatus(RawLocalFileSystem.java:779)\n\tat org.apache.hadoop.fs.RawLocalFileSystem.getFileLinkStatusInternal(RawLocalFileSystem.java:1100)\n\tat org.apache.hadoop.fs.RawLocalFileSystem.getFileStatus(RawLocalFileSystem.java:769)\n\tat org.apache.hadoop.fs.FileUtil.copy(FileUtil.java:390)\n\tat org.apache.hadoop.fs.FileUtil.copy(FileUtil.java:341)\n\tat org.apache.hadoop.fs.RawLocalFileSystem.rename(RawLocalFileSystem.java:505)\n\tat org.apache.hadoop.fs.ChecksumFileSystem.rename(ChecksumFileSystem.java:700)\n\tat org.apache.hadoop.hive.ql.io.ProxyLocalFileSystem.rename(ProxyLocalFileSystem.java:34)\n\tat org.apache.hadoop.mapreduce.lib.output.FileOutputCommitter.mergePaths(FileOutputCommitter.java:476)\n\tat org.apache.hadoop.mapreduce.lib.output.FileOutputCommitter.mergePaths(FileOutputCommitter.java:490)\n\tat org.apache.hadoop.mapreduce.lib.output.FileOutputCommitter.commitJobInternal(FileOutputCommitter.java:405)\n\tat org.apache.hadoop.mapreduce.lib.output.FileOutputCommitter.commitJob(FileOutputCommitter.java:377)\n\tat org.apache.parquet.hadoop.ParquetOutputCommitter.commitJob(ParquetOutputCommitter.java:48)\n\tat org.apache.spark.internal.io.HadoopMapReduceCommitProtocol.commitJob(HadoopMapReduceCommitProtocol.scala:192)\n\tat org.apache.spark.sql.execution.datasources.FileFormatWriter$.$anonfun$writeAndCommit$3(FileFormatWriter.scala:275)\n\tat scala.runtime.java8.JFunction0$mcV$sp.apply(JFunction0$mcV$sp.java:23)\n\tat org.apache.spark.util.Utils$.timeTakenMs(Utils.scala:552)\n\tat org.apache.spark.sql.execution.datasources.FileFormatWriter$.writeAndCommit(FileFormatWriter.scala:275)\n\tat org.apache.spark.sql.execution.datasources.FileFormatWriter$.executeWrite(FileFormatWriter.scala:304)\n\tat org.apache.spark.sql.execution.datasources.FileFormatWriter$.write(FileFormatWriter.scala:190)\n\tat org.apache.spark.sql.execution.datasources.InsertIntoHadoopFsRelationCommand.run(InsertIntoHadoopFsRelationCommand.scala:190)\n\tat org.apache.spark.sql.execution.command.DataWritingCommandExec.sideEffectResult$lzycompute(commands.scala:113)\n\tat org.apache.spark.sql.execution.command.DataWritingCommandExec.sideEffectResult(commands.scala:111)\n\tat org.apache.spark.sql.execution.command.DataWritingCommandExec.executeCollect(commands.scala:125)\n\tat org.apache.spark.sql.execution.QueryExecution$$anonfun$eagerlyExecuteCommands$1.$anonfun$applyOrElse$1(QueryExecution.scala:107)\n\tat org.apache.spark.sql.execution.SQLExecution$.$anonfun$withNewExecutionId$6(SQLExecution.scala:125)\n\tat org.apache.spark.sql.execution.SQLExecution$.withSQLConfPropagated(SQLExecution.scala:201)\n\tat org.apache.spark.sql.execution.SQLExecution$.$anonfun$withNewExecutionId$1(SQLExecution.scala:108)\n\tat org.apache.spark.sql.SparkSession.withActive(SparkSession.scala:900)\n\tat org.apache.spark.sql.execution.SQLExecution$.withNewExecutionId(SQLExecution.scala:66)\n\tat org.apache.spark.sql.execution.QueryExecution$$anonfun$eagerlyExecuteCommands$1.applyOrElse(QueryExecution.scala:107)\n\tat org.apache.spark.sql.execution.QueryExecution$$anonfun$eagerlyExecuteCommands$1.applyOrElse(QueryExecution.scala:98)\n\tat org.apache.spark.sql.catalyst.trees.TreeNode.$anonfun$transformDownWithPruning$1(TreeNode.scala:461)\n\tat org.apache.spark.sql.catalyst.trees.CurrentOrigin$.withOrigin(origin.scala:76)\n\tat org.apache.spark.sql.catalyst.trees.TreeNode.transformDownWithPruning(TreeNode.scala:461)\n\tat org.apache.spark.sql.catalyst.plans.logical.LogicalPlan.org$apache$spark$sql$catalyst$plans$logical$AnalysisHelper$$super$transformDownWithPruning(LogicalPlan.scala:32)\n\tat org.apache.spark.sql.catalyst.plans.logical.AnalysisHelper.transformDownWithPruning(AnalysisHelper.scala:267)\n\tat org.apache.spark.sql.catalyst.plans.logical.AnalysisHelper.transformDownWithPruning$(AnalysisHelper.scala:263)\n\tat org.apache.spark.sql.catalyst.plans.logical.LogicalPlan.transformDownWithPruning(LogicalPlan.scala:32)\n\tat org.apache.spark.sql.catalyst.plans.logical.LogicalPlan.transformDownWithPruning(LogicalPlan.scala:32)\n\tat org.apache.spark.sql.catalyst.trees.TreeNode.transformDown(TreeNode.scala:437)\n\tat org.apache.spark.sql.execution.QueryExecution.eagerlyExecuteCommands(QueryExecution.scala:98)\n\tat org.apache.spark.sql.execution.QueryExecution.commandExecuted$lzycompute(QueryExecution.scala:85)\n\tat org.apache.spark.sql.execution.QueryExecution.commandExecuted(QueryExecution.scala:83)\n\tat org.apache.spark.sql.execution.QueryExecution.assertCommandExecuted(QueryExecution.scala:142)\n\tat org.apache.spark.sql.DataFrameWriter.runCommand(DataFrameWriter.scala:859)\n\tat org.apache.spark.sql.DataFrameWriter.saveToV1Source(DataFrameWriter.scala:388)\n\tat org.apache.spark.sql.DataFrameWriter.saveInternal(DataFrameWriter.scala:361)\n\tat org.apache.spark.sql.DataFrameWriter.save(DataFrameWriter.scala:240)\n\tat org.apache.spark.sql.DataFrameWriter.parquet(DataFrameWriter.scala:792)\n\tat java.base/jdk.internal.reflect.NativeMethodAccessorImpl.invoke0(Native Method)\n\tat java.base/jdk.internal.reflect.NativeMethodAccessorImpl.invoke(NativeMethodAccessorImpl.java:77)\n\tat java.base/jdk.internal.reflect.DelegatingMethodAccessorImpl.invoke(DelegatingMethodAccessorImpl.java:43)\n\tat java.base/java.lang.reflect.Method.invoke(Method.java:569)\n\tat py4j.reflection.MethodInvoker.invoke(MethodInvoker.java:244)\n\tat py4j.reflection.ReflectionEngine.invoke(ReflectionEngine.java:374)\n\tat py4j.Gateway.invoke(Gateway.java:282)\n\tat py4j.commands.AbstractCommand.invokeMethod(AbstractCommand.java:132)\n\tat py4j.commands.CallCommand.execute(CallCommand.java:79)\n\tat py4j.ClientServerConnection.waitForCommands(ClientServerConnection.java:182)\n\tat py4j.ClientServerConnection.run(ClientServerConnection.java:106)\n\tat java.base/java.lang.Thread.run(Thread.java:840)\n","exc_notes":[],"syntax_error":null,"is_cause":false,"frames":[{"filename":"/home/airflow/.local/lib/python3.12/site-packages/airflow/sdk/execution_time/task_runner.py","lineno":1004,"name":"run"},{"filename":"/home/airflow/.local/lib/python3.12/site-packages/airflow/sdk/execution_time/task_runner.py","lineno":1405,"name":"_execute_task"},{"filename":"/home/airflow/.local/lib/python3.12/site-packages/airflow/sdk/bases/operator.py","lineno":417,"name":"wrapper"},{"filename":"/home/airflow/.local/lib/python3.12/site-packages/airflow/providers/standard/operators/python.py","lineno":214,"name":"execute"},{"filename":"/home/airflow/.local/lib/python3.12/site-packages/airflow/providers/standard/operators/python.py","lineno":237,"name":"execute_callable"},{"filename":"/home/airflow/.local/lib/python3.12/site-packages/airflow/sdk/execution_time/callback_runner.py","lineno":82,"name":"run"},{"filename":"/opt/airflow/dags/one_time_load.py","lineno":19,"name":"csv_to_parquet"},{"filename":"/home/airflow/.local/lib/python3.12/site-packages/pyspark/sql/readwriter.py","lineno":1721,"name":"parquet"},{"filename":"/home/airflow/.local/lib/python3.12/site-packages/py4j/java_gateway.py","lineno":1322,"name":"__call__"},{"filename":"/home/airflow/.local/lib/python3.12/site-packages/pyspark/errors/exceptions/captured.py","lineno":179,"name":"deco"},{"filename":"/home/airflow/.local/lib/python3.12/site-packages/py4j/protocol.py","lineno":326,"name":"get_return_value"}],"is_group":false,"exceptions":[]}]}
{"timestamp":"2026-02-10T18:52:40.727020Z","level":"info","event":"DAG bundles loaded: dags-folder","logger":"airflow.dag_processing.bundles.manager.DagBundlesManager","filename":"manager.py","lineno":179}
{"timestamp":"2026-02-10T18:52:40.728891Z","level":"info","event":"Filling up the DagBag from /opt/airflow/dags/one_time_load.py","logger":"airflow.models.dagbag.DagBag","filename":"dagbag.py","lineno":593}
{"timestamp":"2026-02-10T18:52:41.023537Z","level":"error","event":"/home/airflow/.local/lib/python3.12/site-packages/pyspark/bin/load-spark-env.sh: line 68: ps: command not found","logger":"task.stderr"}
{"timestamp":"2026-02-10T18:52:45.406039Z","level":"error","event":"Setting default log level to \"WARN\".","logger":"task.stderr"}
{"timestamp":"2026-02-10T18:52:45.408721Z","level":"error","event":"To adjust logging level use sc.setLogLevel(newLevel). For SparkR, use setLogLevel(newLevel).","logger":"task.stderr"}
{"timestamp":"2026-02-10T18:52:46.162599Z","level":"error","event":"26/02/10 18:52:46 WARN NativeCodeLoader: Unable to load native-hadoop library for your platform... using builtin-java classes where applicable","logger":"task.stderr"}
{"timestamp":"2026-02-10T18:52:50.809132Z","level":"error","event":"26/02/10 18:52:50 WARN Utils: Service 'SparkUI' could not bind on port 4040. Attempting port 4041.","logger":"task.stderr"}
{"timestamp":"2026-02-10T18:53:10.555913Z","level":"info","event":"SAVED 19000 rows to Parquet","logger":"task.stdout"}
{"timestamp":"2026-02-10T18:53:10.801729Z","level":"info","event":"Done. Returned value was: None","logger":"airflow.task.operators.airflow.providers.standard.operators.python.PythonOperator","filename":"python.py","lineno":216}
{"timestamp":"2026-02-10T18:53:11.269190Z","level":"error","event":"\r[Stage 0:>                                                          (0 + 1) / 1]\r\r                                                                                \r\r[Stage 1:>                                                          (0 + 1) / 1]\r\r                                                                                \r\r[Stage 2:>                                                          (0 + 1) / 1]","logger":"task.stderr"}
{"timestamp":"2026-02-10T19:43:43.668102Z","level":"info","event":"DAG bundles loaded: dags-folder","logger":"airflow.dag_processing.bundles.manager.DagBundlesManager","filename":"manager.py","lineno":179}
{"timestamp":"2026-02-10T19:43:43.675825Z","level":"info","event":"Filling up the DagBag from /opt/airflow/dags/one_time_load.py","logger":"airflow.models.dagbag.DagBag","filename":"dagbag.py","lineno":593}
{"timestamp":"2026-02-10T19:43:50.316821Z","level":"error","event":"Setting default log level to \"WARN\".","logger":"task.stderr"}
{"timestamp":"2026-02-10T19:43:50.317501Z","level":"error","event":"To adjust logging level use sc.setLogLevel(newLevel). For SparkR, use setLogLevel(newLevel).","logger":"task.stderr"}
{"timestamp":"2026-02-10T19:43:51.259568Z","level":"error","event":"26/02/10 19:43:51 WARN NativeCodeLoader: Unable to load native-hadoop library for your platform... using builtin-java classes where applicable","logger":"task.stderr"}
{"timestamp":"2026-02-10T19:44:13.675993Z","level":"error","event":"\r[Stage 0:>                                                          (0 + 0) / 1]\r\r[Stage 0:>                                                          (0 + 1) / 1]\r\r                                                                                \r\r[Stage 1:>                                                          (0 + 1) / 1]\r\r                                                                                \r\r[Stage 2:>                                                          (0 + 1) / 1]\r\r                                                                                \r26/02/10 19:44:13 ERROR FileFormatWriter: Aborting job d320c094-e304-4bb9-b253-7f3c521debe5.","logger":"task.stderr"}
{"timestamp":"2026-02-10T19:44:13.677289Z","level":"error","event":"java.io.FileNotFoundException: File file:/opt/airflow/data/one-time_load_output.parquet/_temporary/0/task_202602101944093479751032866070817_0002_m_000000/part-00000-032fe3c1-3997-42e6-b3e0-bd1a204c40dc-c000.snappy.parquet does not exist","logger":"task.stderr"}
{"timestamp":"2026-02-10T19:44:13.677727Z","level":"error","event":"\tat org.apache.hadoop.fs.RawLocalFileSystem.deprecatedGetFileStatus(RawLocalFileSystem.java:779)","logger":"task.stderr"}
{"timestamp":"2026-02-10T19:44:13.678127Z","level":"error","event":"\tat org.apache.hadoop.fs.RawLocalFileSystem.getFileLinkStatusInternal(RawLocalFileSystem.java:1100)","logger":"task.stderr"}
{"timestamp":"2026-02-10T19:44:13.678452Z","level":"error","event":"\tat org.apache.hadoop.fs.RawLocalFileSystem.getFileStatus(RawLocalFileSystem.java:769)","logger":"task.stderr"}
{"timestamp":"2026-02-10T19:44:13.678795Z","level":"error","event":"\tat org.apache.hadoop.fs.FileUtil.copy(FileUtil.java:390)","logger":"task.stderr"}
{"timestamp":"2026-02-10T19:44:13.679069Z","level":"error","event":"\tat org.apache.hadoop.fs.FileUtil.copy(FileUtil.java:341)","logger":"task.stderr"}
{"timestamp":"2026-02-10T19:44:13.679769Z","level":"error","event":"\tat org.apache.hadoop.fs.RawLocalFileSystem.rename(RawLocalFileSystem.java:505)","logger":"task.stderr"}
{"timestamp":"2026-02-10T19:44:13.680159Z","level":"error","event":"\tat org.apache.hadoop.fs.ChecksumFileSystem.rename(ChecksumFileSystem.java:700)","logger":"task.stderr"}
{"timestamp":"2026-02-10T19:44:13.681111Z","level":"error","event":"\tat org.apache.hadoop.hive.ql.io.ProxyLocalFileSystem.rename(ProxyLocalFileSystem.java:34)","logger":"task.stderr"}
{"timestamp":"2026-02-10T19:44:13.682995Z","level":"error","event":"\tat org.apache.hadoop.mapreduce.lib.output.FileOutputCommitter.mergePaths(FileOutputCommitter.java:476)","logger":"task.stderr"}
{"timestamp":"2026-02-10T19:44:13.683434Z","level":"error","event":"\tat org.apache.hadoop.mapreduce.lib.output.FileOutputCommitter.mergePaths(FileOutputCommitter.java:490)","logger":"task.stderr"}
{"timestamp":"2026-02-10T19:44:13.683748Z","level":"error","event":"\tat org.apache.hadoop.mapreduce.lib.output.FileOutputCommitter.commitJobInternal(FileOutputCommitter.java:405)","logger":"task.stderr"}
{"timestamp":"2026-02-10T19:44:13.684125Z","level":"error","event":"\tat org.apache.hadoop.mapreduce.lib.output.FileOutputCommitter.commitJob(FileOutputCommitter.java:377)","logger":"task.stderr"}
{"timestamp":"2026-02-10T19:44:13.684472Z","level":"error","event":"\tat org.apache.parquet.hadoop.ParquetOutputCommitter.commitJob(ParquetOutputCommitter.java:48)","logger":"task.stderr"}
{"timestamp":"2026-02-10T19:44:13.684818Z","level":"error","event":"\tat org.apache.spark.internal.io.HadoopMapReduceCommitProtocol.commitJob(HadoopMapReduceCommitProtocol.scala:192)","logger":"task.stderr"}
{"timestamp":"2026-02-10T19:44:13.685255Z","level":"error","event":"\tat org.apache.spark.sql.execution.datasources.FileFormatWriter$.$anonfun$writeAndCommit$3(FileFormatWriter.scala:275)","logger":"task.stderr"}
{"timestamp":"2026-02-10T19:44:13.685626Z","level":"error","event":"\tat scala.runtime.java8.JFunction0$mcV$sp.apply(JFunction0$mcV$sp.java:23)","logger":"task.stderr"}
{"timestamp":"2026-02-10T19:44:13.685922Z","level":"error","event":"\tat org.apache.spark.util.Utils$.timeTakenMs(Utils.scala:552)","logger":"task.stderr"}
{"timestamp":"2026-02-10T19:44:13.686198Z","level":"error","event":"\tat org.apache.spark.sql.execution.datasources.FileFormatWriter$.writeAndCommit(FileFormatWriter.scala:275)","logger":"task.stderr"}
{"timestamp":"2026-02-10T19:44:13.686523Z","level":"error","event":"\tat org.apache.spark.sql.execution.datasources.FileFormatWriter$.executeWrite(FileFormatWriter.scala:304)","logger":"task.stderr"}
{"timestamp":"2026-02-10T19:44:13.686790Z","level":"error","event":"\tat org.apache.spark.sql.execution.datasources.FileFormatWriter$.write(FileFormatWriter.scala:190)","logger":"task.stderr"}
{"timestamp":"2026-02-10T19:44:13.687085Z","level":"error","event":"\tat org.apache.spark.sql.execution.datasources.InsertIntoHadoopFsRelationCommand.run(InsertIntoHadoopFsRelationCommand.scala:190)","logger":"task.stderr"}
{"timestamp":"2026-02-10T19:44:13.687359Z","level":"error","event":"\tat org.apache.spark.sql.execution.command.DataWritingCommandExec.sideEffectResult$lzycompute(commands.scala:113)","logger":"task.stderr"}
{"timestamp":"2026-02-10T19:44:13.687619Z","level":"error","event":"\tat org.apache.spark.sql.execution.command.DataWritingCommandExec.sideEffectResult(commands.scala:111)","logger":"task.stderr"}
{"timestamp":"2026-02-10T19:44:13.687925Z","level":"error","event":"\tat org.apache.spark.sql.execution.command.DataWritingCommandExec.executeCollect(commands.scala:125)","logger":"task.stderr"}
{"timestamp":"2026-02-10T19:44:13.688171Z","level":"error","event":"\tat org.apache.spark.sql.execution.QueryExecution$$anonfun$eagerlyExecuteCommands$1.$anonfun$applyOrElse$1(QueryExecution.scala:107)","logger":"task.stderr"}
{"timestamp":"2026-02-10T19:44:13.688508Z","level":"error","event":"\tat org.apache.spark.sql.execution.SQLExecution$.$anonfun$withNewExecutionId$6(SQLExecution.scala:125)","logger":"task.stderr"}
{"timestamp":"2026-02-10T19:44:13.688827Z","level":"error","event":"\tat org.apache.spark.sql.execution.SQLExecution$.withSQLConfPropagated(SQLExecution.scala:201)","logger":"task.stderr"}
{"timestamp":"2026-02-10T19:44:13.689093Z","level":"error","event":"\tat org.apache.spark.sql.execution.SQLExecution$.$anonfun$withNewExecutionId$1(SQLExecution.scala:108)","logger":"task.stderr"}
{"timestamp":"2026-02-10T19:44:13.689544Z","level":"error","event":"\tat org.apache.spark.sql.SparkSession.withActive(SparkSession.scala:900)","logger":"task.stderr"}
{"timestamp":"2026-02-10T19:44:13.689860Z","level":"error","event":"\tat org.apache.spark.sql.execution.SQLExecution$.withNewExecutionId(SQLExecution.scala:66)","logger":"task.stderr"}
{"timestamp":"2026-02-10T19:44:13.690302Z","level":"error","event":"\tat org.apache.spark.sql.execution.QueryExecution$$anonfun$eagerlyExecuteCommands$1.applyOrElse(QueryExecution.scala:107)","logger":"task.stderr"}
{"timestamp":"2026-02-10T19:44:13.690863Z","level":"error","event":"\tat org.apache.spark.sql.execution.QueryExecution$$anonfun$eagerlyExecuteCommands$1.applyOrElse(QueryExecution.scala:98)","logger":"task.stderr"}
{"timestamp":"2026-02-10T19:44:13.691196Z","level":"error","event":"\tat org.apache.spark.sql.catalyst.trees.TreeNode.$anonfun$transformDownWithPruning$1(TreeNode.scala:461)","logger":"task.stderr"}
{"timestamp":"2026-02-10T19:44:13.691938Z","level":"error","event":"\tat org.apache.spark.sql.catalyst.trees.CurrentOrigin$.withOrigin(origin.scala:76)","logger":"task.stderr"}
{"timestamp":"2026-02-10T19:44:13.692919Z","level":"error","event":"\tat org.apache.spark.sql.catalyst.trees.TreeNode.transformDownWithPruning(TreeNode.scala:461)","logger":"task.stderr"}
{"timestamp":"2026-02-10T19:44:13.693873Z","level":"error","event":"\tat org.apache.spark.sql.catalyst.plans.logical.LogicalPlan.org$apache$spark$sql$catalyst$plans$logical$AnalysisHelper$$super$transformDownWithPruning(LogicalPlan.scala:32)","logger":"task.stderr"}
{"timestamp":"2026-02-10T19:44:13.694787Z","level":"error","event":"\tat org.apache.spark.sql.catalyst.plans.logical.AnalysisHelper.transformDownWithPruning(AnalysisHelper.scala:267)","logger":"task.stderr"}
{"timestamp":"2026-02-10T19:44:13.695768Z","level":"error","event":"\tat org.apache.spark.sql.catalyst.plans.logical.AnalysisHelper.transformDownWithPruning$(AnalysisHelper.scala:263)","logger":"task.stderr"}
{"timestamp":"2026-02-10T19:44:13.696521Z","level":"error","event":"\tat org.apache.spark.sql.catalyst.plans.logical.LogicalPlan.transformDownWithPruning(LogicalPlan.scala:32)","logger":"task.stderr"}
{"timestamp":"2026-02-10T19:44:13.697215Z","level":"error","event":"\tat org.apache.spark.sql.catalyst.plans.logical.LogicalPlan.transformDownWithPruning(LogicalPlan.scala:32)","logger":"task.stderr"}
{"timestamp":"2026-02-10T19:44:13.697679Z","level":"error","event":"\tat org.apache.spark.sql.catalyst.trees.TreeNode.transformDown(TreeNode.scala:437)","logger":"task.stderr"}
{"timestamp":"2026-02-10T19:44:13.701191Z","level":"error","event":"\tat org.apache.spark.sql.execution.QueryExecution.eagerlyExecuteCommands(QueryExecution.scala:98)","logger":"task.stderr"}
{"timestamp":"2026-02-10T19:44:13.701634Z","level":"error","event":"\tat org.apache.spark.sql.execution.QueryExecution.commandExecuted$lzycompute(QueryExecution.scala:85)","logger":"task.stderr"}
{"timestamp":"2026-02-10T19:44:13.701989Z","level":"error","event":"\tat org.apache.spark.sql.execution.QueryExecution.commandExecuted(QueryExecution.scala:83)","logger":"task.stderr"}
{"timestamp":"2026-02-10T19:44:13.704806Z","level":"error","event":"\tat org.apache.spark.sql.execution.QueryExecution.assertCommandExecuted(QueryExecution.scala:142)","logger":"task.stderr"}
{"timestamp":"2026-02-10T19:44:13.705186Z","level":"error","event":"\tat org.apache.spark.sql.DataFrameWriter.runCommand(DataFrameWriter.scala:859)","logger":"task.stderr"}
{"timestamp":"2026-02-10T19:44:13.712761Z","level":"error","event":"\tat org.apache.spark.sql.DataFrameWriter.saveToV1Source(DataFrameWriter.scala:388)","logger":"task.stderr"}
{"timestamp":"2026-02-10T19:44:13.713237Z","level":"error","event":"\tat org.apache.spark.sql.DataFrameWriter.saveInternal(DataFrameWriter.scala:361)","logger":"task.stderr"}
{"timestamp":"2026-02-10T19:44:13.713657Z","level":"error","event":"\tat org.apache.spark.sql.DataFrameWriter.save(DataFrameWriter.scala:240)","logger":"task.stderr"}
{"timestamp":"2026-02-10T19:44:13.717368Z","level":"error","event":"\tat org.apache.spark.sql.DataFrameWriter.parquet(DataFrameWriter.scala:792)","logger":"task.stderr"}
{"timestamp":"2026-02-10T19:44:13.717995Z","level":"error","event":"\tat java.base/jdk.internal.reflect.NativeMethodAccessorImpl.invoke0(Native Method)","logger":"task.stderr"}
{"timestamp":"2026-02-10T19:44:13.718330Z","level":"error","event":"\tat java.base/jdk.internal.reflect.NativeMethodAccessorImpl.invoke(NativeMethodAccessorImpl.java:77)","logger":"task.stderr"}
{"timestamp":"2026-02-10T19:44:13.719290Z","level":"error","event":"\tat java.base/jdk.internal.reflect.DelegatingMethodAccessorImpl.invoke(DelegatingMethodAccessorImpl.java:43)","logger":"task.stderr"}
{"timestamp":"2026-02-10T19:44:13.720367Z","level":"error","event":"\tat java.base/java.lang.reflect.Method.invoke(Method.java:569)","logger":"task.stderr"}
{"timestamp":"2026-02-10T19:44:13.721085Z","level":"error","event":"\tat py4j.reflection.MethodInvoker.invoke(MethodInvoker.java:244)","logger":"task.stderr"}
{"timestamp":"2026-02-10T19:44:13.721546Z","level":"error","event":"\tat py4j.reflection.ReflectionEngine.invoke(ReflectionEngine.java:374)","logger":"task.stderr"}
{"timestamp":"2026-02-10T19:44:13.723425Z","level":"error","event":"\tat py4j.Gateway.invoke(Gateway.java:282)","logger":"task.stderr"}
{"timestamp":"2026-02-10T19:44:13.723941Z","level":"error","event":"\tat py4j.commands.AbstractCommand.invokeMethod(AbstractCommand.java:132)","logger":"task.stderr"}
{"timestamp":"2026-02-10T19:44:13.725321Z","level":"error","event":"\tat py4j.commands.CallCommand.execute(CallCommand.java:79)","logger":"task.stderr"}
{"timestamp":"2026-02-10T19:44:13.726836Z","level":"error","event":"\tat py4j.ClientServerConnection.waitForCommands(ClientServerConnection.java:182)","logger":"task.stderr"}
{"timestamp":"2026-02-10T19:44:13.728107Z","level":"error","event":"\tat py4j.ClientServerConnection.run(ClientServerConnection.java:106)","logger":"task.stderr"}
{"timestamp":"2026-02-10T19:44:13.729966Z","level":"error","event":"\tat java.base/java.lang.Thread.run(Thread.java:840)","logger":"task.stderr"}
{"timestamp":"2026-02-10T19:44:13.908611Z","level":"error","event":"Task failed with exception","logger":"task","filename":"task_runner.py","lineno":1078,"error_detail":[{"exc_type":"Py4JJavaError","exc_value":"An error occurred while calling o32.parquet.\n: java.io.FileNotFoundException: File file:/opt/airflow/data/one-time_load_output.parquet/_temporary/0/task_202602101944093479751032866070817_0002_m_000000/part-00000-032fe3c1-3997-42e6-b3e0-bd1a204c40dc-c000.snappy.parquet does not exist\n\tat org.apache.hadoop.fs.RawLocalFileSystem.deprecatedGetFileStatus(RawLocalFileSystem.java:779)\n\tat org.apache.hadoop.fs.RawLocalFileSystem.getFileLinkStatusInternal(RawLocalFileSystem.java:1100)\n\tat org.apache.hadoop.fs.RawLocalFileSystem.getFileStatus(RawLocalFileSystem.java:769)\n\tat org.apache.hadoop.fs.FileUtil.copy(FileUtil.java:390)\n\tat org.apache.hadoop.fs.FileUtil.copy(FileUtil.java:341)\n\tat org.apache.hadoop.fs.RawLocalFileSystem.rename(RawLocalFileSystem.java:505)\n\tat org.apache.hadoop.fs.ChecksumFileSystem.rename(ChecksumFileSystem.java:700)\n\tat org.apache.hadoop.hive.ql.io.ProxyLocalFileSystem.rename(ProxyLocalFileSystem.java:34)\n\tat org.apache.hadoop.mapreduce.lib.output.FileOutputCommitter.mergePaths(FileOutputCommitter.java:476)\n\tat org.apache.hadoop.mapreduce.lib.output.FileOutputCommitter.mergePaths(FileOutputCommitter.java:490)\n\tat org.apache.hadoop.mapreduce.lib.output.FileOutputCommitter.commitJobInternal(FileOutputCommitter.java:405)\n\tat org.apache.hadoop.mapreduce.lib.output.FileOutputCommitter.commitJob(FileOutputCommitter.java:377)\n\tat org.apache.parquet.hadoop.ParquetOutputCommitter.commitJob(ParquetOutputCommitter.java:48)\n\tat org.apache.spark.internal.io.HadoopMapReduceCommitProtocol.commitJob(HadoopMapReduceCommitProtocol.scala:192)\n\tat org.apache.spark.sql.execution.datasources.FileFormatWriter$.$anonfun$writeAndCommit$3(FileFormatWriter.scala:275)\n\tat scala.runtime.java8.JFunction0$mcV$sp.apply(JFunction0$mcV$sp.java:23)\n\tat org.apache.spark.util.Utils$.timeTakenMs(Utils.scala:552)\n\tat org.apache.spark.sql.execution.datasources.FileFormatWriter$.writeAndCommit(FileFormatWriter.scala:275)\n\tat org.apache.spark.sql.execution.datasources.FileFormatWriter$.executeWrite(FileFormatWriter.scala:304)\n\tat org.apache.spark.sql.execution.datasources.FileFormatWriter$.write(FileFormatWriter.scala:190)\n\tat org.apache.spark.sql.execution.datasources.InsertIntoHadoopFsRelationCommand.run(InsertIntoHadoopFsRelationCommand.scala:190)\n\tat org.apache.spark.sql.execution.command.DataWritingCommandExec.sideEffectResult$lzycompute(commands.scala:113)\n\tat org.apache.spark.sql.execution.command.DataWritingCommandExec.sideEffectResult(commands.scala:111)\n\tat org.apache.spark.sql.execution.command.DataWritingCommandExec.executeCollect(commands.scala:125)\n\tat org.apache.spark.sql.execution.QueryExecution$$anonfun$eagerlyExecuteCommands$1.$anonfun$applyOrElse$1(QueryExecution.scala:107)\n\tat org.apache.spark.sql.execution.SQLExecution$.$anonfun$withNewExecutionId$6(SQLExecution.scala:125)\n\tat org.apache.spark.sql.execution.SQLExecution$.withSQLConfPropagated(SQLExecution.scala:201)\n\tat org.apache.spark.sql.execution.SQLExecution$.$anonfun$withNewExecutionId$1(SQLExecution.scala:108)\n\tat org.apache.spark.sql.SparkSession.withActive(SparkSession.scala:900)\n\tat org.apache.spark.sql.execution.SQLExecution$.withNewExecutionId(SQLExecution.scala:66)\n\tat org.apache.spark.sql.execution.QueryExecution$$anonfun$eagerlyExecuteCommands$1.applyOrElse(QueryExecution.scala:107)\n\tat org.apache.spark.sql.execution.QueryExecution$$anonfun$eagerlyExecuteCommands$1.applyOrElse(QueryExecution.scala:98)\n\tat org.apache.spark.sql.catalyst.trees.TreeNode.$anonfun$transformDownWithPruning$1(TreeNode.scala:461)\n\tat org.apache.spark.sql.catalyst.trees.CurrentOrigin$.withOrigin(origin.scala:76)\n\tat org.apache.spark.sql.catalyst.trees.TreeNode.transformDownWithPruning(TreeNode.scala:461)\n\tat org.apache.spark.sql.catalyst.plans.logical.LogicalPlan.org$apache$spark$sql$catalyst$plans$logical$AnalysisHelper$$super$transformDownWithPruning(LogicalPlan.scala:32)\n\tat org.apache.spark.sql.catalyst.plans.logical.AnalysisHelper.transformDownWithPruning(AnalysisHelper.scala:267)\n\tat org.apache.spark.sql.catalyst.plans.logical.AnalysisHelper.transformDownWithPruning$(AnalysisHelper.scala:263)\n\tat org.apache.spark.sql.catalyst.plans.logical.LogicalPlan.transformDownWithPruning(LogicalPlan.scala:32)\n\tat org.apache.spark.sql.catalyst.plans.logical.LogicalPlan.transformDownWithPruning(LogicalPlan.scala:32)\n\tat org.apache.spark.sql.catalyst.trees.TreeNode.transformDown(TreeNode.scala:437)\n\tat org.apache.spark.sql.execution.QueryExecution.eagerlyExecuteCommands(QueryExecution.scala:98)\n\tat org.apache.spark.sql.execution.QueryExecution.commandExecuted$lzycompute(QueryExecution.scala:85)\n\tat org.apache.spark.sql.execution.QueryExecution.commandExecuted(QueryExecution.scala:83)\n\tat org.apache.spark.sql.execution.QueryExecution.assertCommandExecuted(QueryExecution.scala:142)\n\tat org.apache.spark.sql.DataFrameWriter.runCommand(DataFrameWriter.scala:859)\n\tat org.apache.spark.sql.DataFrameWriter.saveToV1Source(DataFrameWriter.scala:388)\n\tat org.apache.spark.sql.DataFrameWriter.saveInternal(DataFrameWriter.scala:361)\n\tat org.apache.spark.sql.DataFrameWriter.save(DataFrameWriter.scala:240)\n\tat org.apache.spark.sql.DataFrameWriter.parquet(DataFrameWriter.scala:792)\n\tat java.base/jdk.internal.reflect.NativeMethodAccessorImpl.invoke0(Native Method)\n\tat java.base/jdk.internal.reflect.NativeMethodAccessorImpl.invoke(NativeMethodAccessorImpl.java:77)\n\tat java.base/jdk.internal.reflect.DelegatingMethodAccessorImpl.invoke(DelegatingMethodAccessorImpl.java:43)\n\tat java.base/java.lang.reflect.Method.invoke(Method.java:569)\n\tat py4j.reflection.MethodInvoker.invoke(MethodInvoker.java:244)\n\tat py4j.reflection.ReflectionEngine.invoke(ReflectionEngine.java:374)\n\tat py4j.Gateway.invoke(Gateway.java:282)\n\tat py4j.commands.AbstractCommand.invokeMethod(AbstractCommand.java:132)\n\tat py4j.commands.CallCommand.execute(CallCommand.java:79)\n\tat py4j.ClientServerConnection.waitForCommands(ClientServerConnection.java:182)\n\tat py4j.ClientServerConnection.run(ClientServerConnection.java:106)\n\tat java.base/java.lang.Thread.run(Thread.java:840)\n","exc_notes":[],"syntax_error":null,"is_cause":false,"frames":[{"filename":"/home/airflow/.local/lib/python3.12/site-packages/airflow/sdk/execution_time/task_runner.py","lineno":1004,"name":"run"},{"filename":"/home/airflow/.local/lib/python3.12/site-packages/airflow/sdk/execution_time/task_runner.py","lineno":1405,"name":"_execute_task"},{"filename":"/home/airflow/.local/lib/python3.12/site-packages/airflow/sdk/bases/operator.py","lineno":417,"name":"wrapper"},{"filename":"/home/airflow/.local/lib/python3.12/site-packages/airflow/providers/standard/operators/python.py","lineno":214,"name":"execute"},{"filename":"/home/airflow/.local/lib/python3.12/site-packages/airflow/providers/standard/operators/python.py","lineno":237,"name":"execute_callable"},{"filename":"/home/airflow/.local/lib/python3.12/site-packages/airflow/sdk/execution_time/callback_runner.py","lineno":82,"name":"run"},{"filename":"/opt/airflow/dags/one_time_load.py","lineno":20,"name":"csv_to_parquet"},{"filename":"/home/airflow/.local/lib/python3.12/site-packages/pyspark/sql/readwriter.py","lineno":1721,"name":"parquet"},{"filename":"/home/airflow/.local/lib/python3.12/site-packages/py4j/java_gateway.py","lineno":1322,"name":"__call__"},{"filename":"/home/airflow/.local/lib/python3.12/site-packages/pyspark/errors/exceptions/captured.py","lineno":179,"name":"deco"},{"filename":"/home/airflow/.local/lib/python3.12/site-packages/py4j/protocol.py","lineno":326,"name":"get_return_value"}],"is_group":false,"exceptions":[]}]}
{"timestamp":"2026-02-10T19:49:22.735385Z","level":"info","event":"DAG bundles loaded: dags-folder","logger":"airflow.dag_processing.bundles.manager.DagBundlesManager","filename":"manager.py","lineno":179}
{"timestamp":"2026-02-10T19:49:22.737722Z","level":"info","event":"Filling up the DagBag from /opt/airflow/dags/one_time_load.py","logger":"airflow.models.dagbag.DagBag","filename":"dagbag.py","lineno":593}
{"timestamp":"2026-02-10T19:49:26.493402Z","level":"error","event":"Setting default log level to \"WARN\".","logger":"task.stderr"}
{"timestamp":"2026-02-10T19:49:26.493896Z","level":"error","event":"To adjust logging level use sc.setLogLevel(newLevel). For SparkR, use setLogLevel(newLevel).","logger":"task.stderr"}
{"timestamp":"2026-02-10T19:49:26.862377Z","level":"error","event":"26/02/10 19:49:26 WARN NativeCodeLoader: Unable to load native-hadoop library for your platform... using builtin-java classes where applicable","logger":"task.stderr"}
{"timestamp":"2026-02-10T19:49:44.050721Z","level":"error","event":"\r[Stage 0:>                                                          (0 + 1) / 1]\r\r                                                                                \r\r[Stage 1:>                                                          (0 + 1) / 1]\r\r                                                                                \r\r[Stage 2:>                                                          (0 + 1) / 1]\r\r                                                                                \r26/02/10 19:49:44 ERROR FileFormatWriter: Aborting job 4c63049b-52c2-4311-be98-676f9be42b5c.","logger":"task.stderr"}
{"timestamp":"2026-02-10T19:49:44.058068Z","level":"error","event":"java.io.FileNotFoundException: File file:/opt/airflow/data/one-time_load_output.parquet/_temporary/0/task_202602101949394409004680948507657_0002_m_000000/part-00000-3a03dc25-9e34-4196-8db3-874930744cb1-c000.snappy.parquet does not exist","logger":"task.stderr"}
{"timestamp":"2026-02-10T19:49:44.058829Z","level":"error","event":"\tat org.apache.hadoop.fs.RawLocalFileSystem.deprecatedGetFileStatus(RawLocalFileSystem.java:779)","logger":"task.stderr"}
{"timestamp":"2026-02-10T19:49:44.059509Z","level":"error","event":"\tat org.apache.hadoop.fs.RawLocalFileSystem.getFileLinkStatusInternal(RawLocalFileSystem.java:1100)","logger":"task.stderr"}
{"timestamp":"2026-02-10T19:49:44.059938Z","level":"error","event":"\tat org.apache.hadoop.fs.RawLocalFileSystem.getFileStatus(RawLocalFileSystem.java:769)","logger":"task.stderr"}
{"timestamp":"2026-02-10T19:49:44.061241Z","level":"error","event":"\tat org.apache.hadoop.fs.FileUtil.copy(FileUtil.java:390)","logger":"task.stderr"}
{"timestamp":"2026-02-10T19:49:44.062217Z","level":"error","event":"\tat org.apache.hadoop.fs.FileUtil.copy(FileUtil.java:341)","logger":"task.stderr"}
{"timestamp":"2026-02-10T19:49:44.063417Z","level":"error","event":"\tat org.apache.hadoop.fs.RawLocalFileSystem.rename(RawLocalFileSystem.java:505)","logger":"task.stderr"}
{"timestamp":"2026-02-10T19:49:44.068420Z","level":"error","event":"\tat org.apache.hadoop.fs.ChecksumFileSystem.rename(ChecksumFileSystem.java:700)","logger":"task.stderr"}
{"timestamp":"2026-02-10T19:49:44.071546Z","level":"error","event":"\tat org.apache.hadoop.hive.ql.io.ProxyLocalFileSystem.rename(ProxyLocalFileSystem.java:34)","logger":"task.stderr"}
{"timestamp":"2026-02-10T19:49:44.079773Z","level":"error","event":"\tat org.apache.hadoop.mapreduce.lib.output.FileOutputCommitter.mergePaths(FileOutputCommitter.java:476)","logger":"task.stderr"}
{"timestamp":"2026-02-10T19:49:44.083159Z","level":"error","event":"\tat org.apache.hadoop.mapreduce.lib.output.FileOutputCommitter.mergePaths(FileOutputCommitter.java:490)","logger":"task.stderr"}
{"timestamp":"2026-02-10T19:49:44.085731Z","level":"error","event":"\tat org.apache.hadoop.mapreduce.lib.output.FileOutputCommitter.commitJobInternal(FileOutputCommitter.java:405)","logger":"task.stderr"}
{"timestamp":"2026-02-10T19:49:44.095318Z","level":"error","event":"\tat org.apache.hadoop.mapreduce.lib.output.FileOutputCommitter.commitJob(FileOutputCommitter.java:377)","logger":"task.stderr"}
{"timestamp":"2026-02-10T19:49:44.100305Z","level":"error","event":"\tat org.apache.parquet.hadoop.ParquetOutputCommitter.commitJob(ParquetOutputCommitter.java:48)","logger":"task.stderr"}
{"timestamp":"2026-02-10T19:49:44.101544Z","level":"error","event":"\tat org.apache.spark.internal.io.HadoopMapReduceCommitProtocol.commitJob(HadoopMapReduceCommitProtocol.scala:192)","logger":"task.stderr"}
{"timestamp":"2026-02-10T19:49:44.102449Z","level":"error","event":"\tat org.apache.spark.sql.execution.datasources.FileFormatWriter$.$anonfun$writeAndCommit$3(FileFormatWriter.scala:275)","logger":"task.stderr"}
{"timestamp":"2026-02-10T19:49:44.102811Z","level":"error","event":"\tat scala.runtime.java8.JFunction0$mcV$sp.apply(JFunction0$mcV$sp.java:23)","logger":"task.stderr"}
{"timestamp":"2026-02-10T19:49:44.114363Z","level":"error","event":"\tat org.apache.spark.util.Utils$.timeTakenMs(Utils.scala:552)","logger":"task.stderr"}
{"timestamp":"2026-02-10T19:49:44.115634Z","level":"error","event":"\tat org.apache.spark.sql.execution.datasources.FileFormatWriter$.writeAndCommit(FileFormatWriter.scala:275)","logger":"task.stderr"}
{"timestamp":"2026-02-10T19:49:44.116398Z","level":"error","event":"\tat org.apache.spark.sql.execution.datasources.FileFormatWriter$.executeWrite(FileFormatWriter.scala:304)","logger":"task.stderr"}
{"timestamp":"2026-02-10T19:49:44.116816Z","level":"error","event":"\tat org.apache.spark.sql.execution.datasources.FileFormatWriter$.write(FileFormatWriter.scala:190)","logger":"task.stderr"}
{"timestamp":"2026-02-10T19:49:44.117173Z","level":"error","event":"\tat org.apache.spark.sql.execution.datasources.InsertIntoHadoopFsRelationCommand.run(InsertIntoHadoopFsRelationCommand.scala:190)","logger":"task.stderr"}
{"timestamp":"2026-02-10T19:49:44.117543Z","level":"error","event":"\tat org.apache.spark.sql.execution.command.DataWritingCommandExec.sideEffectResult$lzycompute(commands.scala:113)","logger":"task.stderr"}
{"timestamp":"2026-02-10T19:49:44.118516Z","level":"error","event":"\tat org.apache.spark.sql.execution.command.DataWritingCommandExec.sideEffectResult(commands.scala:111)","logger":"task.stderr"}
{"timestamp":"2026-02-10T19:49:44.118929Z","level":"error","event":"\tat org.apache.spark.sql.execution.command.DataWritingCommandExec.executeCollect(commands.scala:125)","logger":"task.stderr"}
{"timestamp":"2026-02-10T19:49:44.119343Z","level":"error","event":"\tat org.apache.spark.sql.execution.QueryExecution$$anonfun$eagerlyExecuteCommands$1.$anonfun$applyOrElse$1(QueryExecution.scala:107)","logger":"task.stderr"}
{"timestamp":"2026-02-10T19:49:44.119729Z","level":"error","event":"\tat org.apache.spark.sql.execution.SQLExecution$.$anonfun$withNewExecutionId$6(SQLExecution.scala:125)","logger":"task.stderr"}
{"timestamp":"2026-02-10T19:49:44.120214Z","level":"error","event":"\tat org.apache.spark.sql.execution.SQLExecution$.withSQLConfPropagated(SQLExecution.scala:201)","logger":"task.stderr"}
{"timestamp":"2026-02-10T19:49:44.120560Z","level":"error","event":"\tat org.apache.spark.sql.execution.SQLExecution$.$anonfun$withNewExecutionId$1(SQLExecution.scala:108)","logger":"task.stderr"}
{"timestamp":"2026-02-10T19:49:44.120931Z","level":"error","event":"\tat org.apache.spark.sql.SparkSession.withActive(SparkSession.scala:900)","logger":"task.stderr"}
{"timestamp":"2026-02-10T19:49:44.121422Z","level":"error","event":"\tat org.apache.spark.sql.execution.SQLExecution$.withNewExecutionId(SQLExecution.scala:66)","logger":"task.stderr"}
{"timestamp":"2026-02-10T19:49:44.121976Z","level":"error","event":"\tat org.apache.spark.sql.execution.QueryExecution$$anonfun$eagerlyExecuteCommands$1.applyOrElse(QueryExecution.scala:107)","logger":"task.stderr"}
{"timestamp":"2026-02-10T19:49:44.124855Z","level":"error","event":"\tat org.apache.spark.sql.execution.QueryExecution$$anonfun$eagerlyExecuteCommands$1.applyOrElse(QueryExecution.scala:98)","logger":"task.stderr"}
{"timestamp":"2026-02-10T19:49:44.130248Z","level":"error","event":"\tat org.apache.spark.sql.catalyst.trees.TreeNode.$anonfun$transformDownWithPruning$1(TreeNode.scala:461)","logger":"task.stderr"}
{"timestamp":"2026-02-10T19:49:44.131864Z","level":"error","event":"\tat org.apache.spark.sql.catalyst.trees.CurrentOrigin$.withOrigin(origin.scala:76)","logger":"task.stderr"}
{"timestamp":"2026-02-10T19:49:44.144425Z","level":"error","event":"\tat org.apache.spark.sql.catalyst.trees.TreeNode.transformDownWithPruning(TreeNode.scala:461)","logger":"task.stderr"}
{"timestamp":"2026-02-10T19:49:44.146546Z","level":"error","event":"\tat org.apache.spark.sql.catalyst.plans.logical.LogicalPlan.org$apache$spark$sql$catalyst$plans$logical$AnalysisHelper$$super$transformDownWithPruning(LogicalPlan.scala:32)","logger":"task.stderr"}
{"timestamp":"2026-02-10T19:49:44.147416Z","level":"error","event":"\tat org.apache.spark.sql.catalyst.plans.logical.AnalysisHelper.transformDownWithPruning(AnalysisHelper.scala:267)","logger":"task.stderr"}
{"timestamp":"2026-02-10T19:49:44.150361Z","level":"error","event":"\tat org.apache.spark.sql.catalyst.plans.logical.AnalysisHelper.transformDownWithPruning$(AnalysisHelper.scala:263)","logger":"task.stderr"}
{"timestamp":"2026-02-10T19:49:44.158556Z","level":"error","event":"\tat org.apache.spark.sql.catalyst.plans.logical.LogicalPlan.transformDownWithPruning(LogicalPlan.scala:32)","logger":"task.stderr"}
{"timestamp":"2026-02-10T19:49:44.160199Z","level":"error","event":"\tat org.apache.spark.sql.catalyst.plans.logical.LogicalPlan.transformDownWithPruning(LogicalPlan.scala:32)","logger":"task.stderr"}
{"timestamp":"2026-02-10T19:49:44.161494Z","level":"error","event":"\tat org.apache.spark.sql.catalyst.trees.TreeNode.transformDown(TreeNode.scala:437)","logger":"task.stderr"}
{"timestamp":"2026-02-10T19:49:44.163764Z","level":"error","event":"\tat org.apache.spark.sql.execution.QueryExecution.eagerlyExecuteCommands(QueryExecution.scala:98)","logger":"task.stderr"}
{"timestamp":"2026-02-10T19:49:44.166833Z","level":"error","event":"\tat org.apache.spark.sql.execution.QueryExecution.commandExecuted$lzycompute(QueryExecution.scala:85)","logger":"task.stderr"}
{"timestamp":"2026-02-10T19:49:44.168145Z","level":"error","event":"\tat org.apache.spark.sql.execution.QueryExecution.commandExecuted(QueryExecution.scala:83)","logger":"task.stderr"}
{"timestamp":"2026-02-10T19:49:44.169910Z","level":"error","event":"\tat org.apache.spark.sql.execution.QueryExecution.assertCommandExecuted(QueryExecution.scala:142)","logger":"task.stderr"}
{"timestamp":"2026-02-10T19:49:44.175707Z","level":"error","event":"\tat org.apache.spark.sql.DataFrameWriter.runCommand(DataFrameWriter.scala:859)","logger":"task.stderr"}
{"timestamp":"2026-02-10T19:49:44.176397Z","level":"error","event":"\tat org.apache.spark.sql.DataFrameWriter.saveToV1Source(DataFrameWriter.scala:388)","logger":"task.stderr"}
{"timestamp":"2026-02-10T19:49:44.179905Z","level":"error","event":"\tat org.apache.spark.sql.DataFrameWriter.saveInternal(DataFrameWriter.scala:361)","logger":"task.stderr"}
{"timestamp":"2026-02-10T19:49:44.180301Z","level":"error","event":"\tat org.apache.spark.sql.DataFrameWriter.save(DataFrameWriter.scala:240)","logger":"task.stderr"}
{"timestamp":"2026-02-10T19:49:44.180623Z","level":"error","event":"\tat org.apache.spark.sql.DataFrameWriter.parquet(DataFrameWriter.scala:792)","logger":"task.stderr"}
{"timestamp":"2026-02-10T19:49:44.180896Z","level":"error","event":"\tat java.base/jdk.internal.reflect.NativeMethodAccessorImpl.invoke0(Native Method)","logger":"task.stderr"}
{"timestamp":"2026-02-10T19:49:44.183204Z","level":"error","event":"\tat java.base/jdk.internal.reflect.NativeMethodAccessorImpl.invoke(NativeMethodAccessorImpl.java:77)","logger":"task.stderr"}
{"timestamp":"2026-02-10T19:49:44.183927Z","level":"error","event":"\tat java.base/jdk.internal.reflect.DelegatingMethodAccessorImpl.invoke(DelegatingMethodAccessorImpl.java:43)","logger":"task.stderr"}
{"timestamp":"2026-02-10T19:49:44.184418Z","level":"error","event":"\tat java.base/java.lang.reflect.Method.invoke(Method.java:569)","logger":"task.stderr"}
{"timestamp":"2026-02-10T19:49:44.184967Z","level":"error","event":"\tat py4j.reflection.MethodInvoker.invoke(MethodInvoker.java:244)","logger":"task.stderr"}
{"timestamp":"2026-02-10T19:49:44.185528Z","level":"error","event":"\tat py4j.reflection.ReflectionEngine.invoke(ReflectionEngine.java:374)","logger":"task.stderr"}
{"timestamp":"2026-02-10T19:49:44.187164Z","level":"error","event":"\tat py4j.Gateway.invoke(Gateway.java:282)","logger":"task.stderr"}
{"timestamp":"2026-02-10T19:49:44.192903Z","level":"error","event":"\tat py4j.commands.AbstractCommand.invokeMethod(AbstractCommand.java:132)","logger":"task.stderr"}
{"timestamp":"2026-02-10T19:49:44.196229Z","level":"error","event":"\tat py4j.commands.CallCommand.execute(CallCommand.java:79)","logger":"task.stderr"}
{"timestamp":"2026-02-10T19:49:44.196902Z","level":"error","event":"\tat py4j.ClientServerConnection.waitForCommands(ClientServerConnection.java:182)","logger":"task.stderr"}
{"timestamp":"2026-02-10T19:49:44.200364Z","level":"error","event":"\tat py4j.ClientServerConnection.run(ClientServerConnection.java:106)","logger":"task.stderr"}
{"timestamp":"2026-02-10T19:49:44.201527Z","level":"error","event":"\tat java.base/java.lang.Thread.run(Thread.java:840)","logger":"task.stderr"}
{"timestamp":"2026-02-10T19:49:44.487577Z","level":"error","event":"Task failed with exception","logger":"task","filename":"task_runner.py","lineno":1078,"error_detail":[{"exc_type":"Py4JJavaError","exc_value":"An error occurred while calling o32.parquet.\n: java.io.FileNotFoundException: File file:/opt/airflow/data/one-time_load_output.parquet/_temporary/0/task_202602101949394409004680948507657_0002_m_000000/part-00000-3a03dc25-9e34-4196-8db3-874930744cb1-c000.snappy.parquet does not exist\n\tat org.apache.hadoop.fs.RawLocalFileSystem.deprecatedGetFileStatus(RawLocalFileSystem.java:779)\n\tat org.apache.hadoop.fs.RawLocalFileSystem.getFileLinkStatusInternal(RawLocalFileSystem.java:1100)\n\tat org.apache.hadoop.fs.RawLocalFileSystem.getFileStatus(RawLocalFileSystem.java:769)\n\tat org.apache.hadoop.fs.FileUtil.copy(FileUtil.java:390)\n\tat org.apache.hadoop.fs.FileUtil.copy(FileUtil.java:341)\n\tat org.apache.hadoop.fs.RawLocalFileSystem.rename(RawLocalFileSystem.java:505)\n\tat org.apache.hadoop.fs.ChecksumFileSystem.rename(ChecksumFileSystem.java:700)\n\tat org.apache.hadoop.hive.ql.io.ProxyLocalFileSystem.rename(ProxyLocalFileSystem.java:34)\n\tat org.apache.hadoop.mapreduce.lib.output.FileOutputCommitter.mergePaths(FileOutputCommitter.java:476)\n\tat org.apache.hadoop.mapreduce.lib.output.FileOutputCommitter.mergePaths(FileOutputCommitter.java:490)\n\tat org.apache.hadoop.mapreduce.lib.output.FileOutputCommitter.commitJobInternal(FileOutputCommitter.java:405)\n\tat org.apache.hadoop.mapreduce.lib.output.FileOutputCommitter.commitJob(FileOutputCommitter.java:377)\n\tat org.apache.parquet.hadoop.ParquetOutputCommitter.commitJob(ParquetOutputCommitter.java:48)\n\tat org.apache.spark.internal.io.HadoopMapReduceCommitProtocol.commitJob(HadoopMapReduceCommitProtocol.scala:192)\n\tat org.apache.spark.sql.execution.datasources.FileFormatWriter$.$anonfun$writeAndCommit$3(FileFormatWriter.scala:275)\n\tat scala.runtime.java8.JFunction0$mcV$sp.apply(JFunction0$mcV$sp.java:23)\n\tat org.apache.spark.util.Utils$.timeTakenMs(Utils.scala:552)\n\tat org.apache.spark.sql.execution.datasources.FileFormatWriter$.writeAndCommit(FileFormatWriter.scala:275)\n\tat org.apache.spark.sql.execution.datasources.FileFormatWriter$.executeWrite(FileFormatWriter.scala:304)\n\tat org.apache.spark.sql.execution.datasources.FileFormatWriter$.write(FileFormatWriter.scala:190)\n\tat org.apache.spark.sql.execution.datasources.InsertIntoHadoopFsRelationCommand.run(InsertIntoHadoopFsRelationCommand.scala:190)\n\tat org.apache.spark.sql.execution.command.DataWritingCommandExec.sideEffectResult$lzycompute(commands.scala:113)\n\tat org.apache.spark.sql.execution.command.DataWritingCommandExec.sideEffectResult(commands.scala:111)\n\tat org.apache.spark.sql.execution.command.DataWritingCommandExec.executeCollect(commands.scala:125)\n\tat org.apache.spark.sql.execution.QueryExecution$$anonfun$eagerlyExecuteCommands$1.$anonfun$applyOrElse$1(QueryExecution.scala:107)\n\tat org.apache.spark.sql.execution.SQLExecution$.$anonfun$withNewExecutionId$6(SQLExecution.scala:125)\n\tat org.apache.spark.sql.execution.SQLExecution$.withSQLConfPropagated(SQLExecution.scala:201)\n\tat org.apache.spark.sql.execution.SQLExecution$.$anonfun$withNewExecutionId$1(SQLExecution.scala:108)\n\tat org.apache.spark.sql.SparkSession.withActive(SparkSession.scala:900)\n\tat org.apache.spark.sql.execution.SQLExecution$.withNewExecutionId(SQLExecution.scala:66)\n\tat org.apache.spark.sql.execution.QueryExecution$$anonfun$eagerlyExecuteCommands$1.applyOrElse(QueryExecution.scala:107)\n\tat org.apache.spark.sql.execution.QueryExecution$$anonfun$eagerlyExecuteCommands$1.applyOrElse(QueryExecution.scala:98)\n\tat org.apache.spark.sql.catalyst.trees.TreeNode.$anonfun$transformDownWithPruning$1(TreeNode.scala:461)\n\tat org.apache.spark.sql.catalyst.trees.CurrentOrigin$.withOrigin(origin.scala:76)\n\tat org.apache.spark.sql.catalyst.trees.TreeNode.transformDownWithPruning(TreeNode.scala:461)\n\tat org.apache.spark.sql.catalyst.plans.logical.LogicalPlan.org$apache$spark$sql$catalyst$plans$logical$AnalysisHelper$$super$transformDownWithPruning(LogicalPlan.scala:32)\n\tat org.apache.spark.sql.catalyst.plans.logical.AnalysisHelper.transformDownWithPruning(AnalysisHelper.scala:267)\n\tat org.apache.spark.sql.catalyst.plans.logical.AnalysisHelper.transformDownWithPruning$(AnalysisHelper.scala:263)\n\tat org.apache.spark.sql.catalyst.plans.logical.LogicalPlan.transformDownWithPruning(LogicalPlan.scala:32)\n\tat org.apache.spark.sql.catalyst.plans.logical.LogicalPlan.transformDownWithPruning(LogicalPlan.scala:32)\n\tat org.apache.spark.sql.catalyst.trees.TreeNode.transformDown(TreeNode.scala:437)\n\tat org.apache.spark.sql.execution.QueryExecution.eagerlyExecuteCommands(QueryExecution.scala:98)\n\tat org.apache.spark.sql.execution.QueryExecution.commandExecuted$lzycompute(QueryExecution.scala:85)\n\tat org.apache.spark.sql.execution.QueryExecution.commandExecuted(QueryExecution.scala:83)\n\tat org.apache.spark.sql.execution.QueryExecution.assertCommandExecuted(QueryExecution.scala:142)\n\tat org.apache.spark.sql.DataFrameWriter.runCommand(DataFrameWriter.scala:859)\n\tat org.apache.spark.sql.DataFrameWriter.saveToV1Source(DataFrameWriter.scala:388)\n\tat org.apache.spark.sql.DataFrameWriter.saveInternal(DataFrameWriter.scala:361)\n\tat org.apache.spark.sql.DataFrameWriter.save(DataFrameWriter.scala:240)\n\tat org.apache.spark.sql.DataFrameWriter.parquet(DataFrameWriter.scala:792)\n\tat java.base/jdk.internal.reflect.NativeMethodAccessorImpl.invoke0(Native Method)\n\tat java.base/jdk.internal.reflect.NativeMethodAccessorImpl.invoke(NativeMethodAccessorImpl.java:77)\n\tat java.base/jdk.internal.reflect.DelegatingMethodAccessorImpl.invoke(DelegatingMethodAccessorImpl.java:43)\n\tat java.base/java.lang.reflect.Method.invoke(Method.java:569)\n\tat py4j.reflection.MethodInvoker.invoke(MethodInvoker.java:244)\n\tat py4j.reflection.ReflectionEngine.invoke(ReflectionEngine.java:374)\n\tat py4j.Gateway.invoke(Gateway.java:282)\n\tat py4j.commands.AbstractCommand.invokeMethod(AbstractCommand.java:132)\n\tat py4j.commands.CallCommand.execute(CallCommand.java:79)\n\tat py4j.ClientServerConnection.waitForCommands(ClientServerConnection.java:182)\n\tat py4j.ClientServerConnection.run(ClientServerConnection.java:106)\n\tat java.base/java.lang.Thread.run(Thread.java:840)\n","exc_notes":[],"syntax_error":null,"is_cause":false,"frames":[{"filename":"/home/airflow/.local/lib/python3.12/site-packages/airflow/sdk/execution_time/task_runner.py","lineno":1004,"name":"run"},{"filename":"/home/airflow/.local/lib/python3.12/site-packages/airflow/sdk/execution_time/task_runner.py","lineno":1405,"name":"_execute_task"},{"filename":"/home/airflow/.local/lib/python3.12/site-packages/airflow/sdk/bases/operator.py","lineno":417,"name":"wrapper"},{"filename":"/home/airflow/.local/lib/python3.12/site-packages/airflow/providers/standard/operators/python.py","lineno":214,"name":"execute"},{"filename":"/home/airflow/.local/lib/python3.12/site-packages/airflow/providers/standard/operators/python.py","lineno":237,"name":"execute_callable"},{"filename":"/home/airflow/.local/lib/python3.12/site-packages/airflow/sdk/execution_time/callback_runner.py","lineno":82,"name":"run"},{"filename":"/opt/airflow/dags/one_time_load.py","lineno":20,"name":"csv_to_parquet"},{"filename":"/home/airflow/.local/lib/python3.12/site-packages/pyspark/sql/readwriter.py","lineno":1721,"name":"parquet"},{"filename":"/home/airflow/.local/lib/python3.12/site-packages/py4j/java_gateway.py","lineno":1322,"name":"__call__"},{"filename":"/home/airflow/.local/lib/python3.12/site-packages/pyspark/errors/exceptions/captured.py","lineno":179,"name":"deco"},{"filename":"/home/airflow/.local/lib/python3.12/site-packages/py4j/protocol.py","lineno":326,"name":"get_return_value"}],"is_group":false,"exceptions":[]}]}
