{"timestamp":"2026-01-26T10:19:40.167532Z","level":"info","event":"DAG bundles loaded: dags-folder","logger":"airflow.dag_processing.bundles.manager.DagBundlesManager","filename":"manager.py","lineno":179}
{"timestamp":"2026-01-26T10:19:40.169457Z","level":"info","event":"Filling up the DagBag from /opt/airflow/dags/xml_etl.py","logger":"airflow.models.dagbag.DagBag","filename":"dagbag.py","lineno":593}
{"timestamp":"2026-01-26T10:19:40.229464Z","level":"info","event":"============================================================","logger":"task.stdout"}
{"timestamp":"2026-01-26T10:19:40.234575Z","level":"info","event":"XML NUTRITION ETL PROCESS COMPLETED SUCCESSFULLY","logger":"task.stdout"}
{"timestamp":"2026-01-26T10:19:40.234972Z","level":"info","event":"Result: Successfully loaded 10 records","logger":"task.stdout"}
{"timestamp":"2026-01-26T10:19:40.235247Z","level":"info","event":"Execution time: 2026-01-26 10:19:31+00:00","logger":"task.stdout"}
{"timestamp":"2026-01-26T10:19:40.235488Z","level":"info","event":"============================================================","logger":"task.stdout"}
{"timestamp":"2026-01-26T10:19:40.243084Z","level":"info","event":"","logger":"task.stdout"}
{"timestamp":"2026-01-26T10:19:40.243524Z","level":"info","event":"TOP 3 HIGHEST CALORIE FOODS:","logger":"task.stdout"}
{"timestamp":"2026-01-26T10:19:40.243829Z","level":"info","event":"  - Chicken Pot Pie: 410 calories","logger":"task.stdout"}
{"timestamp":"2026-01-26T10:19:40.244153Z","level":"info","event":"  - Beef Frankfurter, Quarter Pound : 370 calories","logger":"task.stdout"}
{"timestamp":"2026-01-26T10:19:40.244446Z","level":"info","event":"  - Bagels, New York Style : 300 calories","logger":"task.stdout"}
{"timestamp":"2026-01-26T10:19:40.244761Z","level":"info","event":"","logger":"task.stdout"}
{"timestamp":"2026-01-26T10:19:40.245054Z","level":"info","event":"MANUFACTURER DISTRIBUTION:","logger":"task.stdout"}
{"timestamp":"2026-01-26T10:19:40.245321Z","level":"info","event":"  - Sunnydale: 1 products","logger":"task.stdout"}
{"timestamp":"2026-01-26T10:19:40.245667Z","level":"info","event":"  - Thompson: 1 products","logger":"task.stdout"}
{"timestamp":"2026-01-26T10:19:40.245915Z","level":"info","event":"  - Gardenproducts: 1 products","logger":"task.stdout"}
{"timestamp":"2026-01-26T10:19:40.246139Z","level":"info","event":"  - Ferreira: 1 products","logger":"task.stdout"}
{"timestamp":"2026-01-26T10:19:40.246360Z","level":"info","event":"  - Lakeson: 1 products","logger":"task.stdout"}
{"timestamp":"2026-01-26T10:19:40.246579Z","level":"info","event":"  - Lees: 1 products","logger":"task.stdout"}
{"timestamp":"2026-01-26T10:19:40.246802Z","level":"info","event":"  - Lyndon's: 1 products","logger":"task.stdout"}
{"timestamp":"2026-01-26T10:19:40.247047Z","level":"info","event":"  - Goodpath: 1 products","logger":"task.stdout"}
{"timestamp":"2026-01-26T10:19:40.247272Z","level":"info","event":"  - Fresh Quick: 1 products","logger":"task.stdout"}
{"timestamp":"2026-01-26T10:19:40.247487Z","level":"info","event":"  - Armitage: 1 products","logger":"task.stdout"}
{"timestamp":"2026-01-26T10:19:40.243185Z","level":"info","event":"Done. Returned value was: Successfully loaded 10 records","logger":"airflow.task.operators.airflow.providers.standard.operators.python.PythonOperator","filename":"python.py","lineno":216}
{"timestamp":"2026-01-26T10:19:40.243478Z","level":"info","event":"Pushing xcom","ti":"RuntimeTaskInstance(id=UUID('019bf9d0-df1d-7f03-b017-9edfece8ccb8'), task_id='log_result', dag_id='xml_nutrition_full_etl', run_id='manual__2026-01-26T10:19:31+00:00', try_number=1, dag_version_id=UUID('019bf9d0-8e5e-774e-95f8-f18638cbeba1'), map_index=-1, hostname='b178a2c24a52', context_carrier={}, task=<Task(PythonOperator): log_result>, bundle_instance=LocalDagBundle(name=dags-folder), max_tries=1, start_date=datetime.datetime(2026, 1, 26, 10, 19, 40, 107678, tzinfo=datetime.timezone.utc), end_date=None, state=<TaskInstanceState.RUNNING: 'running'>, is_mapped=False, rendered_map_index=None)","logger":"task","filename":"task_runner.py","lineno":1450}
