{"timestamp":"2026-01-25T10:24:48.924257Z","level":"info","event":"DAG bundles loaded: dags-folder, example_dags","logger":"airflow.dag_processing.bundles.manager.DagBundlesManager","filename":"manager.py","lineno":179}
{"timestamp":"2026-01-25T10:24:48.927066Z","level":"info","event":"Filling up the DagBag from /opt/airflow/dags/json_processor.py","logger":"airflow.models.dagbag.DagBag","filename":"dagbag.py","lineno":593}
{"timestamp":"2026-01-25T10:24:48.981725Z","level":"warning","event":"The `airflow.operators.python.PythonOperator` attribute is deprecated. Please use `'airflow.providers.standard.operators.python.PythonOperator'`.","category":"DeprecatedImportWarning","filename":"/opt/airflow/dags/json_processor.py","lineno":3,"logger":"py.warnings"}
{"timestamp":"2026-01-25T10:24:48.981896Z","level":"warning","event":"The `airflow.hooks.base.BaseHook` attribute is deprecated. Please use `'airflow.sdk.bases.hook.BaseHook'`.","category":"DeprecatedImportWarning","filename":"/opt/airflow/dags/json_processor.py","lineno":5,"logger":"py.warnings"}
{"timestamp":"2026-01-25T10:24:49.037549Z","level":"info","event":"Task instance is in running state","logger":"task.stdout"}
{"timestamp":"2026-01-25T10:24:49.037954Z","level":"info","event":" Previous state of the Task instance: TaskInstanceState.QUEUED","logger":"task.stdout"}
{"timestamp":"2026-01-25T10:24:49.038540Z","level":"info","event":"Current task name:save_to_postgres","logger":"task.stdout"}
{"timestamp":"2026-01-25T10:24:49.038981Z","level":"info","event":"Dag name:load_pets_json_fixed","logger":"task.stdout"}
{"timestamp":"2026-01-25T10:24:49.041815Z","level":"info","event":"🔍 Начало выполнения DAG","logger":"task.stdout"}
{"timestamp":"2026-01-25T10:24:49.071881Z","level":"info","event":"Подключение: host=postgres, db=airflow, user=airflow","logger":"task.stdout"}
{"timestamp":"2026-01-25T10:24:49.086796Z","level":"info","event":"✅ Подключение к PostgreSQL установлено","logger":"task.stdout"}
{"timestamp":"2026-01-25T10:24:49.091279Z","level":"info","event":"📊 Текущая база данных: airflow","logger":"task.stdout"}
{"timestamp":"2026-01-25T10:24:49.091786Z","level":"info","event":"📥 Загружаю JSON...","logger":"task.stdout"}
{"timestamp":"2026-01-25T10:24:49.628035Z","level":"info","event":"Найдено питомцев: 3","logger":"task.stdout"}
{"timestamp":"2026-01-25T10:24:49.642301Z","level":"info","event":"🗄️ Создаю таблицу 'pets'...","logger":"task.stdout"}
{"timestamp":"2026-01-25T10:24:49.717189Z","level":"info","event":"❌ Ошибка: duplicate key value violates unique constraint \"pg_class_relname_nsp_index\"","logger":"task.stdout"}
{"timestamp":"2026-01-25T10:24:49.717947Z","level":"info","event":"DETAIL:  Key (relname, relnamespace)=(pets_id_seq, 2200) already exists.","logger":"task.stdout"}
{"timestamp":"2026-01-25T10:24:49.718436Z","level":"info","event":"","logger":"task.stdout"}
{"timestamp":"2026-01-25T10:24:49.751397Z","level":"error","event":"Traceback (most recent call last):","logger":"task.stderr"}
{"timestamp":"2026-01-25T10:24:49.752098Z","level":"error","event":"  File \"/opt/airflow/dags/json_processor.py\", line 54, in save_pets_to_postgres","logger":"task.stderr"}
{"timestamp":"2026-01-25T10:24:49.753666Z","level":"error","event":"    cursor.execute(\"\"\"","logger":"task.stderr"}
{"timestamp":"2026-01-25T10:24:49.754128Z","level":"error","event":"psycopg2.errors.UniqueViolation: duplicate key value violates unique constraint \"pg_class_relname_nsp_index\"","logger":"task.stderr"}
{"timestamp":"2026-01-25T10:24:49.754496Z","level":"error","event":"DETAIL:  Key (relname, relnamespace)=(pets_id_seq, 2200) already exists.","logger":"task.stderr"}
{"timestamp":"2026-01-25T10:24:49.754881Z","level":"error","event":"","logger":"task.stderr"}
{"timestamp":"2026-01-25T10:24:49.749546Z","level":"info","event":"Done. Returned value was: False","logger":"airflow.task.operators.airflow.providers.standard.operators.python.PythonOperator","filename":"python.py","lineno":216}
{"timestamp":"2026-01-25T10:24:49.750226Z","level":"info","event":"Pushing xcom","ti":"RuntimeTaskInstance(id=UUID('019bf4af-2f89-720c-9ddf-fd73ed65e724'), task_id='save_to_postgres', dag_id='load_pets_json_fixed', run_id='manual__2026-01-25T10:24:36+00:00', try_number=1, dag_version_id=UUID('019bf4a9-fb75-7e9e-be28-0a4d4a6d1831'), map_index=-1, hostname='89ed637f96cb', context_carrier={}, task=<Task(PythonOperator): save_to_postgres>, bundle_instance=LocalDagBundle(name=dags-folder), max_tries=0, start_date=datetime.datetime(2026, 1, 25, 10, 24, 42, 439804, tzinfo=datetime.timezone.utc), end_date=None, state=<TaskInstanceState.RUNNING: 'running'>, is_mapped=False, rendered_map_index=None)","logger":"task","filename":"task_runner.py","lineno":1450}
{"timestamp":"2026-01-25T10:24:49.925662Z","level":"info","event":"Task instance in success state","logger":"task.stdout"}
{"timestamp":"2026-01-25T10:24:49.931338Z","level":"info","event":" Previous state of the Task instance: TaskInstanceState.RUNNING","logger":"task.stdout"}
{"timestamp":"2026-01-25T10:24:49.932503Z","level":"info","event":"Task operator:<Task(PythonOperator): save_to_postgres>","logger":"task.stdout"}
